[INFO ] 2018-12-21 01:26:49.894 OurGame - a new game of robot mode & hard difficulty has started
[INFO ] 2018-12-21 01:53:07.124 OurGame - a new game of robot mode & hard difficulty has started
[INFO ] 2018-12-21 01:53:08.542 OurGame - plates are added to screen
[INFO ] 2018-12-21 01:53:09.772 OurGame - intersection of left stack with a plate happened
[INFO ] 2018-12-21 01:53:09.779 OurGame - plates are added to screen
[INFO ] 2018-12-21 01:53:09.822 OurGame - intersection of left stack with a plate happened
[INFO ] 2018-12-21 01:53:10.007 OurGame - plate released into pool
[INFO ] 2018-12-21 01:53:10.044 OurGame - plate released into pool
[INFO ] 2018-12-21 01:53:10.048 OurGame - plate released into pool
[INFO ] 2018-12-21 01:53:10.955 OurGame - intersection of left stack with a plate happened
[INFO ] 2018-12-21 01:53:11.024 OurGame - plates are added to screen
[INFO ] 2018-12-21 01:53:11.223 OurGame - plate released into pool
[INFO ] 2018-12-21 01:53:11.241 OurGame - plate released into pool
[INFO ] 2018-12-21 01:53:11.276 OurGame - plate released into pool
[INFO ] 2018-12-21 01:53:11.321 OurGame - plate released into pool
[INFO ] 2018-12-21 01:53:12.142 OurGame - intersection of left stack with a plate happened
[INFO ] 2018-12-21 01:53:12.203 OurGame - intersection of left stack with a plate happened
[INFO ] 2018-12-21 01:53:12.209 OurGame - intersection of left stack with a plate happened
[INFO ] 2018-12-21 01:53:12.299 OurGame - intersection of right stack with a plate happened
[INFO ] 2018-12-21 01:53:12.299 OurGame - plates are added to screen
[INFO ] 2018-12-21 01:53:12.560 OurGame - plate released into pool
[INFO ] 2018-12-21 01:53:13.195 OurGame - intersection with good object happened
[INFO ] 2018-12-21 01:53:13.392 OurGame - intersection of left stack with a plate happened
[INFO ] 2018-12-21 01:53:13.461 OurGame - plates are added to screen
[INFO ] 2018-12-21 01:53:13.649 OurGame - plate released into pool
[INFO ] 2018-12-21 01:53:13.679 OurGame - plate released into pool
[INFO ] 2018-12-21 01:53:13.773 OurGame - plate released into pool
[INFO ] 2018-12-21 01:53:14.711 OurGame - plates are added to screen
[INFO ] 2018-12-21 01:53:14.736 OurGame - intersection of right stack with a plate happened
[INFO ] 2018-12-21 01:53:14.863 OurGame - intersection of right stack with a plate happened
[INFO ] 2018-12-21 01:53:14.886 OurGame - plate released into pool
[INFO ] 2018-12-21 01:53:14.962 OurGame - plate released into pool
[INFO ] 2018-12-21 01:53:14.983 OurGame - plate released into pool
[INFO ] 2018-12-21 01:53:15.784 OurGame - intersection of left stack with a plate happened
[INFO ] 2018-12-21 01:53:15.914 OurGame - plates are added to screen
[INFO ] 2018-12-21 01:53:16.163 OurGame - plate released into pool
[INFO ] 2018-12-21 01:53:16.163 OurGame - plate released into pool
[INFO ] 2018-12-21 01:53:16.168 OurGame - plate released into pool
[INFO ] 2018-12-21 01:53:16.192 OurGame - plate released into pool
[INFO ] 2018-12-21 01:53:16.941 OurGame - intersection of left stack with a plate happened
[INFO ] 2018-12-21 01:53:16.962 OurGame - intersection of left stack with a plate happened
[INFO ] 2018-12-21 01:53:17.037 OurGame - plates are added to screen
[INFO ] 2018-12-21 01:53:17.305 OurGame - plate released into pool
[INFO ] 2018-12-21 01:53:17.310 OurGame - plate released into pool
[INFO ] 2018-12-21 01:53:17.384 OurGame - plate released into pool
[INFO ] 2018-12-21 01:53:18.073 OurGame - intersection of left stack with a plate happened
[INFO ] 2018-12-21 01:53:18.078 OurGame - intersection of left stack with a plate happened
[INFO ] 2018-12-21 01:53:18.140 OurGame - intersection of left stack with a plate happened
[INFO ] 2018-12-21 01:53:18.207 OurGame - plates are added to screen
[INFO ] 2018-12-21 01:53:18.275 OurGame - intersection of right stack with a plate happened
[INFO ] 2018-12-21 01:53:18.492 OurGame - plate released into pool
[INFO ] 2018-12-21 01:53:19.199 OurGame - intersection of left stack with a plate happened
[INFO ] 2018-12-21 01:53:19.404 OurGame - plates are added to screen
[INFO ] 2018-12-21 01:53:19.583 OurGame - plate released into pool
[INFO ] 2018-12-21 01:53:19.619 OurGame - plate released into pool
[INFO ] 2018-12-21 01:53:19.642 OurGame - plate released into pool
[INFO ] 2018-12-21 01:53:19.658 OurGame - plate released into pool
[INFO ] 2018-12-21 01:53:20.294 OurGame - intersection with good object happened
[INFO ] 2018-12-21 01:53:20.394 OurGame - intersection of left stack with a plate happened
[INFO ] 2018-12-21 01:53:20.567 OurGame - plates are added to screen
[INFO ] 2018-12-21 01:53:20.697 OurGame - intersection of right stack with a plate happened
[INFO ] 2018-12-21 01:53:20.789 OurGame - plate released into pool
[INFO ] 2018-12-21 01:53:20.819 OurGame - plate released into pool
[INFO ] 2018-12-21 01:53:21.550 OurGame - intersection of left stack with a plate happened
[INFO ] 2018-12-21 01:53:21.770 OurGame - intersection of right stack with a plate happened
[INFO ] 2018-12-21 01:53:21.800 OurGame - plates are added to screen
[INFO ] 2018-12-21 01:53:21.833 OurGame - intersection of right stack with a plate happened
[INFO ] 2018-12-21 01:53:21.962 OurGame - plate released into pool
[INFO ] 2018-12-21 01:53:22.060 OurGame - plate released into pool
[INFO ] 2018-12-21 01:53:22.660 OurGame - intersection of left stack with a plate happened
[INFO ] 2018-12-21 01:53:22.686 OurGame - intersection of left stack with a plate happened
[INFO ] 2018-12-21 01:53:22.739 OurGame - intersection of left stack with a plate happened
[INFO ] 2018-12-21 01:53:22.995 OurGame - plates are added to screen
[INFO ] 2018-12-21 01:53:23.143 OurGame - plate released into pool
[INFO ] 2018-12-21 01:53:23.223 OurGame - plate released into pool
[INFO ] 2018-12-21 01:53:23.792 OurGame - intersection of left stack with a plate happened
[INFO ] 2018-12-21 01:53:23.838 OurGame - intersection of left stack with a plate happened
[INFO ] 2018-12-21 01:53:23.843 OurGame - intersection of left stack with a plate happened
[INFO ] 2018-12-21 01:53:24.044 OurGame - intersection of right stack with a plate happened
[INFO ] 2018-12-21 01:53:24.182 OurGame - plates are added to screen
[INFO ] 2018-12-21 01:53:24.434 OurGame - plate released into pool
[INFO ] 2018-12-21 01:53:24.978 OurGame - intersection of left stack with a plate happened
[INFO ] 2018-12-21 01:53:25.014 OurGame - intersection of left stack with a plate happened
[INFO ] 2018-12-21 01:53:25.019 OurGame - intersection of left stack with a plate happened
[INFO ] 2018-12-21 01:53:25.287 OurGame - intersection of right stack with a plate happened
[INFO ] 2018-12-21 01:53:25.410 OurGame - plates are added to screen
[INFO ] 2018-12-21 01:53:25.536 OurGame - plate released into pool
[INFO ] 2018-12-21 01:53:25.878 OurGame - intersection with good object happened
[INFO ] 2018-12-21 01:53:25.880 OurGame - score increased by 1
[INFO ] 2018-12-21 01:53:26.282 OurGame - intersection of left stack with a plate happened
[INFO ] 2018-12-21 01:53:26.608 OurGame - plates are added to screen
[INFO ] 2018-12-21 01:53:26.831 OurGame - plate released into pool
[INFO ] 2018-12-21 01:53:26.860 OurGame - plate released into pool
[INFO ] 2018-12-21 01:53:26.887 OurGame - plate released into pool
[INFO ] 2018-12-21 01:53:27.200 OurGame - intersection with good object happened
[INFO ] 2018-12-21 01:53:27.203 OurGame - score increased by 1
[INFO ] 2018-12-21 01:53:27.277 OurGame - intersection of left stack with a plate happened
[INFO ] 2018-12-21 01:53:27.748 OurGame - intersection of right stack with a plate happened
[INFO ] 2018-12-21 01:53:27.785 OurGame - plates are added to screen
[INFO ] 2018-12-21 01:53:28.044 OurGame - plate released into pool
[INFO ] 2018-12-21 01:53:28.066 OurGame - plate released into pool
[INFO ] 2018-12-21 01:53:28.601 OurGame - intersection of left stack with a plate happened
[INFO ] 2018-12-21 01:53:28.624 OurGame - intersection of left stack with a plate happened
[INFO ] 2018-12-21 01:53:28.977 OurGame - plates are added to screen
[INFO ] 2018-12-21 01:53:29.106 OurGame - plate released into pool
[INFO ] 2018-12-21 01:53:29.153 OurGame - plate released into pool
[INFO ] 2018-12-21 01:53:29.159 OurGame - plate released into pool
[INFO ] 2018-12-21 01:53:29.675 OurGame - intersection of left stack with a plate happened
[INFO ] 2018-12-21 01:53:29.697 OurGame - character stack full with 15 plate
[INFO ] 2018-12-21 01:53:45.869 OurGame - a new game of robot mode & hard difficulty has started
[INFO ] 2018-12-21 01:53:47.151 OurGame - plates are added to screen
[INFO ] 2018-12-21 01:53:48.336 OurGame - intersection of right stack with a plate happened
[INFO ] 2018-12-21 01:53:48.396 OurGame - plates are added to screen
[INFO ] 2018-12-21 01:53:48.461 OurGame - intersection of left stack with a plate happened
[INFO ] 2018-12-21 01:53:48.516 OurGame - plate released into pool
[INFO ] 2018-12-21 01:53:48.516 OurGame - plate released into pool
[INFO ] 2018-12-21 01:53:48.660 OurGame - plate released into pool
[INFO ] 2018-12-21 01:53:49.632 OurGame - intersection of left stack with a plate happened
[INFO ] 2018-12-21 01:53:49.675 OurGame - intersection of left stack with a plate happened
[INFO ] 2018-12-21 01:53:49.697 OurGame - plates are added to screen
[INFO ] 2018-12-21 01:53:49.739 OurGame - intersection of left stack with a plate happened
[INFO ] 2018-12-21 01:53:49.884 OurGame - plate released into pool
[INFO ] 2018-12-21 01:53:49.968 OurGame - plate released into pool
[INFO ] 2018-12-21 01:53:50.849 OurGame - plates are added to screen
[INFO ] 2018-12-21 01:53:50.964 OurGame - intersection of right stack with a plate happened
[INFO ] 2018-12-21 01:53:51.052 OurGame - plate released into pool
[INFO ] 2018-12-21 01:53:51.069 OurGame - plate released into pool
[INFO ] 2018-12-21 01:53:51.143 OurGame - plate released into pool
[INFO ] 2018-12-21 01:53:51.183 OurGame - plate released into pool
