[INFO ] 2018-12-23 10:14:36.242 ModeFactory - robot mode has been created with mediumdifficulty
[INFO ] 2018-12-23 10:14:41.220 OurGame - plates are added to screen
[INFO ] 2018-12-23 10:14:43.133 OurGame - intersection of left stack with a plate happened
[INFO ] 2018-12-23 10:14:43.508 OurGame - intersection of left stack with a plate happened
[INFO ] 2018-12-23 10:14:43.535 OurGame - plates are added to screen
[INFO ] 2018-12-23 10:14:43.666 OurGame - intersection of right stack with a plate happened
[INFO ] 2018-12-23 10:14:43.873 OurGame - plate released into pool
[INFO ] 2018-12-23 10:14:44.006 OurGame - plate released into pool
[INFO ] 2018-12-23 10:14:45.391 OurGame - intersection of right stack with a plate happened
[INFO ] 2018-12-23 10:14:45.488 OurGame - plates are added to screen
[INFO ] 2018-12-23 10:14:45.822 OurGame - plate released into pool
[INFO ] 2018-12-23 10:14:45.822 OurGame - plate released into pool
[INFO ] 2018-12-23 10:14:45.873 OurGame - plate released into pool
[INFO ] 2018-12-23 10:14:45.888 OurGame - plate released into pool
[INFO ] 2018-12-23 10:14:47.168 OurGame - intersection of right stack with a plate happened
[INFO ] 2018-12-23 10:14:47.372 OurGame - plates are added to screen
[INFO ] 2018-12-23 10:14:47.774 OurGame - plate released into pool
[INFO ] 2018-12-23 10:14:47.801 OurGame - plate released into pool
[INFO ] 2018-12-23 10:14:47.828 OurGame - plate released into pool
[INFO ] 2018-12-23 10:14:47.855 OurGame - plate released into pool
[INFO ] 2018-12-23 10:14:49.216 OurGame - intersection of right stack with a plate happened
[INFO ] 2018-12-23 10:14:49.224 OurGame - intersection of right stack with a plate happened
[INFO ] 2018-12-23 10:14:49.224 OurGame - intersection of right stack with a plate happened
[INFO ] 2018-12-23 10:14:49.352 OurGame - plates are added to screen
[INFO ] 2018-12-23 10:14:49.681 OurGame - plate released into pool
[INFO ] 2018-12-23 10:14:49.789 OurGame - plate released into pool
[INFO ] 2018-12-23 10:14:51.008 OurGame - intersection of right stack with a plate happened
[INFO ] 2018-12-23 10:14:51.008 CharacterStack - plate released into pool
[INFO ] 2018-12-23 10:14:51.009 CharacterStack - plate released into pool
[INFO ] 2018-12-23 10:14:51.009 CharacterStack - plate released into pool
[INFO ] 2018-12-23 10:14:51.196 OurGame - plates are added to screen
[INFO ] 2018-12-23 10:14:51.204 OurGame - intersection of right stack with a plate happened
[INFO ] 2018-12-23 10:14:51.542 OurGame - plate released into pool
[INFO ] 2018-12-23 10:14:51.633 OurGame - plate released into pool
[INFO ] 2018-12-23 10:14:51.707 OurGame - plate released into pool
[INFO ] 2018-12-23 10:14:52.847 OurGame - intersection of right stack with a plate happened
[INFO ] 2018-12-23 10:14:52.847 CharacterStack - plate released into pool
[INFO ] 2018-12-23 10:14:52.847 CharacterStack - plate released into pool
[INFO ] 2018-12-23 10:14:52.847 CharacterStack - plate released into pool
[INFO ] 2018-12-23 10:14:52.976 OurGame - intersection of left stack with a plate happened
[INFO ] 2018-12-23 10:14:53.071 OurGame - plates are added to screen
[INFO ] 2018-12-23 10:14:53.361 OurGame - plate released into pool
[INFO ] 2018-12-23 10:14:53.377 OurGame - plate released into pool
[INFO ] 2018-12-23 10:14:53.478 OurGame - plate released into pool
[INFO ] 2018-12-23 10:14:54.775 OurGame - intersection of left stack with a plate happened
[INFO ] 2018-12-23 10:14:54.909 OurGame - plates are added to screen
[INFO ] 2018-12-23 10:14:55.226 OurGame - plate released into pool
[INFO ] 2018-12-23 10:14:55.397 OurGame - plate released into pool
[INFO ] 2018-12-23 10:14:55.423 OurGame - plate released into pool
[INFO ] 2018-12-23 10:14:55.431 OurGame - plate released into pool
[INFO ] 2018-12-23 10:14:56.786 OurGame - plates are added to screen
[INFO ] 2018-12-23 10:14:57.102 OurGame - plate released into pool
[INFO ] 2018-12-23 10:14:57.144 OurGame - plate released into pool
[INFO ] 2018-12-23 10:14:57.169 OurGame - plate released into pool
[INFO ] 2018-12-23 10:14:57.201 OurGame - plate released into pool
[INFO ] 2018-12-23 10:14:57.210 OurGame - plate released into pool
[INFO ] 2018-12-23 10:14:58.597 OurGame - plates are added to screen
[INFO ] 2018-12-23 10:14:58.936 OurGame - plate released into pool
[INFO ] 2018-12-23 10:14:58.963 OurGame - plate released into pool
[INFO ] 2018-12-23 10:14:58.996 OurGame - plate released into pool
[INFO ] 2018-12-23 10:14:59.128 OurGame - plate released into pool
[INFO ] 2018-12-23 10:14:59.171 OurGame - plate released into pool
[INFO ] 2018-12-23 10:15:00.428 OurGame - intersection of right stack with a plate happened
[INFO ] 2018-12-23 10:15:00.428 CharacterStack - plate released into pool
[INFO ] 2018-12-23 10:15:00.429 CharacterStack - plate released into pool
[INFO ] 2018-12-23 10:15:00.429 CharacterStack - plate released into pool
[INFO ] 2018-12-23 10:15:00.478 OurGame - plates are added to screen
[INFO ] 2018-12-23 10:15:00.821 OurGame - plate released into pool
[INFO ] 2018-12-23 10:15:00.846 OurGame - plate released into pool
[INFO ] 2018-12-23 10:15:00.854 OurGame - plate released into pool
[INFO ] 2018-12-23 10:15:00.907 OurGame - plate released into pool
[INFO ] 2018-12-23 10:15:02.282 OurGame - intersection with good object happened
[INFO ] 2018-12-23 10:15:02.282 OurGame - plate released into pool
[INFO ] 2018-12-23 10:15:02.300 OurGame - plates are added to screen
[INFO ] 2018-12-23 10:15:02.335 OurGame - intersection of right stack with a plate happened
[INFO ] 2018-12-23 10:15:02.380 OurGame - intersection of right stack with a plate happened
[INFO ] 2018-12-23 10:15:02.380 CharacterStack - plate released into pool
[INFO ] 2018-12-23 10:15:02.380 CharacterStack - plate released into pool
[INFO ] 2018-12-23 10:15:02.380 CharacterStack - plate released into pool
[INFO ] 2018-12-23 10:15:02.592 OurGame - plate released into pool
[INFO ] 2018-12-23 10:15:02.655 OurGame - plate released into pool
[INFO ] 2018-12-23 10:15:04.173 OurGame - plates are added to screen
[INFO ] 2018-12-23 10:15:04.327 OurGame - intersection of right stack with a plate happened
[INFO ] 2018-12-23 10:15:04.515 OurGame - plate released into pool
[INFO ] 2018-12-23 10:15:04.542 OurGame - plate released into pool
[INFO ] 2018-12-23 10:15:04.551 OurGame - plate released into pool
[INFO ] 2018-12-23 10:15:04.672 OurGame - plate released into pool
[INFO ] 2018-12-23 10:15:05.990 OurGame - intersection of right stack with a plate happened
[INFO ] 2018-12-23 10:15:06.017 OurGame - plates are added to screen
[INFO ] 2018-12-23 10:15:06.334 OurGame - plate released into pool
[INFO ] 2018-12-23 10:15:06.376 OurGame - plate released into pool
[INFO ] 2018-12-23 10:15:06.503 OurGame - plate released into pool
[INFO ] 2018-12-23 10:15:06.553 OurGame - plate released into pool
[INFO ] 2018-12-23 10:15:07.910 OurGame - plates are added to screen
[INFO ] 2018-12-23 10:15:07.928 OurGame - intersection of right stack with a plate happened
[INFO ] 2018-12-23 10:15:07.928 CharacterStack - plate released into pool
[INFO ] 2018-12-23 10:15:07.928 CharacterStack - plate released into pool
[INFO ] 2018-12-23 10:15:07.928 CharacterStack - plate released into pool
[INFO ] 2018-12-23 10:15:08.301 OurGame - plate released into pool
[INFO ] 2018-12-23 10:15:08.381 OurGame - plate released into pool
[INFO ] 2018-12-23 10:15:08.462 OurGame - plate released into pool
[INFO ] 2018-12-23 10:15:08.489 OurGame - plate released into pool
[INFO ] 2018-12-23 10:15:09.792 OurGame - intersection of left stack with a plate happened
[INFO ] 2018-12-23 10:15:09.846 OurGame - plates are added to screen
[INFO ] 2018-12-23 10:15:10.242 OurGame - plate released into pool
[INFO ] 2018-12-23 10:15:10.337 OurGame - plate released into pool
[INFO ] 2018-12-23 10:15:10.352 OurGame - plate released into pool
[INFO ] 2018-12-23 10:15:10.394 OurGame - plate released into pool
[INFO ] 2018-12-23 10:15:11.564 OurGame - intersection of left stack with a plate happened
[INFO ] 2018-12-23 10:15:11.680 OurGame - plates are added to screen
[INFO ] 2018-12-23 10:15:12.080 OurGame - plate released into pool
[INFO ] 2018-12-23 10:15:12.119 OurGame - plate released into pool
[INFO ] 2018-12-23 10:15:12.128 OurGame - plate released into pool
[INFO ] 2018-12-23 10:15:12.193 OurGame - plate released into pool
[INFO ] 2018-12-23 10:15:13.353 OurGame - plates are added to screen
[INFO ] 2018-12-23 10:15:13.516 OurGame - intersection of right stack with a plate happened
[INFO ] 2018-12-23 10:15:13.883 OurGame - plate released into pool
[INFO ] 2018-12-23 10:15:13.982 OurGame - plate released into pool
[INFO ] 2018-12-23 10:15:13.991 OurGame - plate released into pool
[INFO ] 2018-12-23 10:15:14.041 OurGame - plate released into pool
[INFO ] 2018-12-23 10:15:15.240 OurGame - plates are added to screen
[INFO ] 2018-12-23 10:15:15.539 OurGame - intersection of right stack with a plate happened
[INFO ] 2018-12-23 10:15:15.681 OurGame - plate released into pool
[INFO ] 2018-12-23 10:15:15.681 OurGame - plate released into pool
[INFO ] 2018-12-23 10:15:15.690 OurGame - plate released into pool
[INFO ] 2018-12-23 10:15:15.706 OurGame - plate released into pool
[INFO ] 2018-12-23 10:15:16.822 OurGame - intersection of left stack with a plate happened
[INFO ] 2018-12-23 10:15:16.822 CharacterStack - plate released into pool
[INFO ] 2018-12-23 10:15:16.822 CharacterStack - plate released into pool
[INFO ] 2018-12-23 10:15:16.822 CharacterStack - plate released into pool
[INFO ] 2018-12-23 10:15:17.021 OurGame - intersection of left stack with a plate happened
[INFO ] 2018-12-23 10:15:17.085 OurGame - plates are added to screen
[INFO ] 2018-12-23 10:15:17.145 OurGame - intersection of right stack with a plate happened
[INFO ] 2018-12-23 10:15:17.145 CharacterStack - plate released into pool
[INFO ] 2018-12-23 10:15:17.145 CharacterStack - plate released into pool
[INFO ] 2018-12-23 10:15:17.145 CharacterStack - plate released into pool
[INFO ] 2018-12-23 10:15:17.428 OurGame - plate released into pool
[INFO ] 2018-12-23 10:15:17.445 OurGame - plate released into pool
[INFO ] 2018-12-23 10:15:18.941 OurGame - plates are added to screen
[INFO ] 2018-12-23 10:15:19.161 OurGame - intersection of right stack with a plate happened
[INFO ] 2018-12-23 10:15:19.257 OurGame - plate released into pool
[INFO ] 2018-12-23 10:15:19.281 OurGame - plate released into pool
[INFO ] 2018-12-23 10:15:19.373 OurGame - plate released into pool
[INFO ] 2018-12-23 10:15:19.429 OurGame - plate released into pool
[INFO ] 2018-12-23 10:15:20.744 OurGame - plates are added to screen
[INFO ] 2018-12-23 10:15:20.785 OurGame - intersection of right stack with a plate happened
[INFO ] 2018-12-23 10:15:21.086 OurGame - plate released into pool
[INFO ] 2018-12-23 10:15:21.274 OurGame - plate released into pool
[INFO ] 2018-12-23 10:15:21.314 OurGame - plate released into pool
[INFO ] 2018-12-23 10:15:21.322 OurGame - plate released into pool
[INFO ] 2018-12-23 10:15:22.590 OurGame - plates are added to screen
[INFO ] 2018-12-23 10:15:22.958 OurGame - plate released into pool
[INFO ] 2018-12-23 10:15:22.967 OurGame - plate released into pool
[INFO ] 2018-12-23 10:15:23.031 OurGame - plate released into pool
[INFO ] 2018-12-23 10:15:23.064 OurGame - plate released into pool
[INFO ] 2018-12-23 10:15:23.071 OurGame - plate released into pool
[INFO ] 2018-12-23 10:15:24.525 OurGame - intersection of right stack with a plate happened
[INFO ] 2018-12-23 10:15:24.560 OurGame - plates are added to screen
[INFO ] 2018-12-23 10:15:24.859 OurGame - plate released into pool
[INFO ] 2018-12-23 10:15:24.905 OurGame - plate released into pool
[INFO ] 2018-12-23 10:15:24.949 OurGame - plate released into pool
[INFO ] 2018-12-23 10:15:24.958 OurGame - plate released into pool
[INFO ] 2018-12-23 10:15:26.160 OurGame - intersection of right stack with a plate happened
[INFO ] 2018-12-23 10:15:26.167 OurGame - intersection of left stack with a plate happened
[INFO ] 2018-12-23 10:15:26.465 OurGame - plates are added to screen
[INFO ] 2018-12-23 10:15:26.688 OurGame - plate released into pool
[INFO ] 2018-12-23 10:15:26.869 OurGame - plate released into pool
[INFO ] 2018-12-23 10:15:26.886 OurGame - plate released into pool
[INFO ] 2018-12-23 10:15:28.101 OurGame - intersection of left stack with a plate happened
[INFO ] 2018-12-23 10:15:28.101 CharacterStack - plate released into pool
[INFO ] 2018-12-23 10:15:28.101 CharacterStack - plate released into pool
[INFO ] 2018-12-23 10:15:28.101 CharacterStack - plate released into pool
[INFO ] 2018-12-23 10:15:28.355 OurGame - plates are added to screen
[INFO ] 2018-12-23 10:15:28.638 OurGame - plate released into pool
[INFO ] 2018-12-23 10:15:28.638 OurGame - plate released into pool
[INFO ] 2018-12-23 10:15:28.751 OurGame - plate released into pool
[INFO ] 2018-12-23 10:15:28.791 OurGame - plate released into pool
[INFO ] 2018-12-23 10:15:30.054 OurGame - intersection of left stack with a plate happened
[INFO ] 2018-12-23 10:15:30.162 OurGame - plates are added to screen
[INFO ] 2018-12-23 10:15:30.480 OurGame - plate released into pool
[INFO ] 2018-12-23 10:15:30.495 OurGame - plate released into pool
[INFO ] 2018-12-23 10:15:30.504 OurGame - plate released into pool
[INFO ] 2018-12-23 10:15:30.624 OurGame - plate released into pool
[INFO ] 2018-12-23 10:15:31.939 OurGame - intersection of right stack with a plate happened
[INFO ] 2018-12-23 10:15:31.947 OurGame - intersection of right stack with a plate happened
[INFO ] 2018-12-23 10:15:32.115 OurGame - plates are added to screen
[INFO ] 2018-12-23 10:15:32.391 OurGame - plate released into pool
[INFO ] 2018-12-23 10:15:32.555 OurGame - plate released into pool
[INFO ] 2018-12-23 10:15:32.563 OurGame - plate released into pool
[INFO ] 2018-12-23 17:52:25.431 ModeFactory - christmass mode has been created with mediumdifficulty
[INFO ] 2018-12-23 17:52:28.560 ModeFactory - christmass mode has been created with mediumdifficulty
[INFO ] 2018-12-23 17:52:29.402 OurGame - plates are added to screen
[INFO ] 2018-12-23 17:52:30.776 OurGame - plates are added to screen
[INFO ] 2018-12-23 17:52:31.226 OurGame - intersection of right stack with a plate happened
[INFO ] 2018-12-23 17:52:31.256 OurGame - plates are added to screen
[INFO ] 2018-12-23 17:52:31.668 ModeFactory - christmass mode has been created with mediumdifficulty
[INFO ] 2018-12-23 17:52:32.112 OurGame - plate released into pool
[INFO ] 2018-12-23 17:52:32.135 OurGame - plate released into pool
[INFO ] 2018-12-23 17:52:32.168 OurGame - plate released into pool
[INFO ] 2018-12-23 17:52:32.196 OurGame - plate released into pool
[INFO ] 2018-12-23 17:52:33.303 OurGame - plates are added to screen
[INFO ] 2018-12-23 17:52:33.561 OurGame - plate released into pool
[INFO ] 2018-12-23 17:52:33.597 OurGame - plate released into pool
[INFO ] 2018-12-23 17:52:33.691 OurGame - plate released into pool
[INFO ] 2018-12-23 17:52:33.715 OurGame - plate released into pool
[INFO ] 2018-12-23 17:52:33.731 OurGame - plate released into pool
[INFO ] 2018-12-23 17:52:33.746 OurGame - intersection of left stack with a plate happened
[INFO ] 2018-12-23 17:52:33.804 OurGame - plates are added to screen
[INFO ] 2018-12-23 17:52:34.040 OurGame - plates are added to screen
[INFO ] 2018-12-23 17:52:34.094 OurGame - plate released into pool
[INFO ] 2018-12-23 17:52:34.111 OurGame - plate released into pool
[INFO ] 2018-12-23 17:52:34.143 OurGame - plate released into pool
[INFO ] 2018-12-23 17:52:34.252 OurGame - plate released into pool
[INFO ] 2018-12-23 17:52:35.431 OurGame - plates are added to screen
[INFO ] 2018-12-23 17:52:35.535 OurGame - intersection of left stack with a plate happened
[INFO ] 2018-12-23 17:52:35.624 OurGame - plate released into pool
[INFO ] 2018-12-23 17:52:35.650 OurGame - plate released into pool
[INFO ] 2018-12-23 17:52:35.666 OurGame - plate released into pool
[INFO ] 2018-12-23 17:52:35.773 OurGame - plate released into pool
[INFO ] 2018-12-23 17:52:35.838 OurGame - plates are added to screen
[INFO ] 2018-12-23 17:52:36.191 OurGame - plate released into pool
[INFO ] 2018-12-23 17:52:36.214 OurGame - plate released into pool
[INFO ] 2018-12-23 17:52:36.232 OurGame - plate released into pool
[INFO ] 2018-12-23 17:52:36.321 OurGame - plate released into pool
[INFO ] 2018-12-23 17:52:36.378 OurGame - plate released into pool
[INFO ] 2018-12-23 17:52:37.244 OurGame - intersection of right stack with a plate happened
[INFO ] 2018-12-23 17:52:37.308 OurGame - plates are added to screen
[INFO ] 2018-12-23 17:52:37.374 OurGame - intersection of right stack with a plate happened
[INFO ] 2018-12-23 17:52:37.374 OurGame - intersection of left stack with a plate happened
[INFO ] 2018-12-23 17:52:37.691 OurGame - intersection of left stack with a plate happened
[INFO ] 2018-12-23 17:52:37.754 OurGame - plate released into pool
[INFO ] 2018-12-23 17:52:37.770 OurGame - plates are added to screen
[INFO ] 2018-12-23 17:52:37.777 OurGame - plate released into pool
[INFO ] 2018-12-23 17:52:38.044 OurGame - plate released into pool
[INFO ] 2018-12-23 17:52:38.091 OurGame - plate released into pool
[INFO ] 2018-12-23 17:52:38.139 OurGame - plate released into pool
[INFO ] 2018-12-23 17:52:38.146 OurGame - plate released into pool
[INFO ] 2018-12-23 17:52:39.121 OurGame - plates are added to screen
[INFO ] 2018-12-23 17:52:39.431 OurGame - plate released into pool
[INFO ] 2018-12-23 17:52:39.454 OurGame - plate released into pool
[INFO ] 2018-12-23 17:52:39.461 OurGame - plate released into pool
[INFO ] 2018-12-23 17:52:39.475 OurGame - plate released into pool
[INFO ] 2018-12-23 17:52:39.518 OurGame - plate released into pool
[INFO ] 2018-12-23 17:52:39.543 OurGame - plates are added to screen
[INFO ] 2018-12-23 17:52:39.803 OurGame - plate released into pool
[INFO ] 2018-12-23 17:52:39.817 OurGame - plate released into pool
[INFO ] 2018-12-23 17:52:39.825 OurGame - plate released into pool
[INFO ] 2018-12-23 17:52:39.941 OurGame - plate released into pool
[INFO ] 2018-12-23 17:52:39.982 OurGame - plate released into pool
[INFO ] 2018-12-23 17:52:40.598 OurGame - intersection with good object happened
[INFO ] 2018-12-23 17:52:40.598 OurGame - plate released into pool
[INFO ] 2018-12-23 17:52:40.857 OurGame - intersection of right stack with a plate happened
[INFO ] 2018-12-23 17:52:40.923 OurGame - plates are added to screen
[INFO ] 2018-12-23 17:52:41.198 OurGame - plate released into pool
[INFO ] 2018-12-23 17:52:41.265 OurGame - plate released into pool
[INFO ] 2018-12-23 17:52:41.273 OurGame - intersection of left stack with a plate happened
[INFO ] 2018-12-23 17:52:41.350 OurGame - plate released into pool
[INFO ] 2018-12-23 17:52:41.357 OurGame - plates are added to screen
[INFO ] 2018-12-23 17:52:41.389 OurGame - intersection of right stack with a plate happened
[INFO ] 2018-12-23 17:52:41.676 OurGame - plate released into pool
[INFO ] 2018-12-23 17:52:41.748 OurGame - plate released into pool
[INFO ] 2018-12-23 17:52:41.756 OurGame - plate released into pool
[INFO ] 2018-12-23 17:52:42.634 OurGame - plates are added to screen
[INFO ] 2018-12-23 17:52:42.946 OurGame - plate released into pool
[INFO ] 2018-12-23 17:52:43.002 OurGame - plate released into pool
[INFO ] 2018-12-23 17:52:43.002 OurGame - plate released into pool
[INFO ] 2018-12-23 17:52:43.044 OurGame - intersection of left stack with a plate happened
[INFO ] 2018-12-23 17:52:43.052 OurGame - intersection of left stack with a plate happened
[INFO ] 2018-12-23 17:52:43.134 OurGame - plate released into pool
[INFO ] 2018-12-23 17:52:43.141 OurGame - intersection of right stack with a plate happened
[INFO ] 2018-12-23 17:52:43.141 OurGame - plate released into pool
[INFO ] 2018-12-23 17:52:43.164 OurGame - plates are added to screen
[INFO ] 2018-12-23 17:52:43.388 OurGame - plate released into pool
[INFO ] 2018-12-23 17:52:43.564 OurGame - plate released into pool
[INFO ] 2018-12-23 17:52:44.321 OurGame - intersection of left stack with a plate happened
[INFO ] 2018-12-23 17:52:44.343 OurGame - intersection of left stack with a plate happened
[INFO ] 2018-12-23 17:52:44.423 OurGame - plates are added to screen
[INFO ] 2018-12-23 17:52:44.719 OurGame - plate released into pool
[INFO ] 2018-12-23 17:52:44.846 OurGame - plate released into pool
[INFO ] 2018-12-23 17:52:44.854 OurGame - intersection of right stack with a plate happened
[INFO ] 2018-12-23 17:52:44.902 OurGame - plate released into pool
[INFO ] 2018-12-23 17:52:44.940 OurGame - plates are added to screen
[INFO ] 2018-12-23 17:52:45.200 OurGame - plate released into pool
[INFO ] 2018-12-23 17:52:45.208 OurGame - plate released into pool
[INFO ] 2018-12-23 17:52:45.326 OurGame - plate released into pool
[INFO ] 2018-12-23 17:52:45.358 OurGame - plate released into pool
[INFO ] 2018-12-23 17:52:46.176 OurGame - plates are added to screen
[INFO ] 2018-12-23 17:52:46.516 OurGame - plate released into pool
[INFO ] 2018-12-23 17:52:46.523 OurGame - plate released into pool
[INFO ] 2018-12-23 17:52:46.588 OurGame - plate released into pool
[INFO ] 2018-12-23 17:52:46.622 OurGame - plate released into pool
[INFO ] 2018-12-23 17:52:46.653 OurGame - plate released into pool
[INFO ] 2018-12-23 17:52:46.748 OurGame - plates are added to screen
[INFO ] 2018-12-23 17:52:46.938 OurGame - plate released into pool
[INFO ] 2018-12-23 17:52:46.969 OurGame - plate released into pool
[INFO ] 2018-12-23 17:52:47.044 OurGame - plate released into pool
[INFO ] 2018-12-23 17:52:47.090 OurGame - plate released into pool
[INFO ] 2018-12-23 17:52:47.128 OurGame - plate released into pool
[INFO ] 2018-12-23 17:52:47.925 OurGame - intersection of right stack with a plate happened
[INFO ] 2018-12-23 17:52:47.957 OurGame - plates are added to screen
[INFO ] 2018-12-23 17:52:48.187 OurGame - intersection of left stack with a plate happened
[INFO ] 2018-12-23 17:52:48.195 OurGame - intersection of left stack with a plate happened
[INFO ] 2018-12-23 17:52:48.251 OurGame - plate released into pool
[INFO ] 2018-12-23 17:52:48.305 OurGame - plate released into pool
[INFO ] 2018-12-23 17:52:48.355 OurGame - intersection of right stack with a plate happened
[INFO ] 2018-12-23 17:52:48.403 OurGame - plate released into pool
[INFO ] 2018-12-23 17:52:48.444 OurGame - plate released into pool
[INFO ] 2018-12-23 17:52:48.525 OurGame - plates are added to screen
[INFO ] 2018-12-23 17:52:48.956 OurGame - plate released into pool
[INFO ] 2018-12-23 17:52:48.972 OurGame - plate released into pool
[INFO ] 2018-12-23 17:52:49.664 OurGame - plates are added to screen
[INFO ] 2018-12-23 17:52:50.034 OurGame - plate released into pool
[INFO ] 2018-12-23 17:52:50.035 OurGame - plate released into pool
[INFO ] 2018-12-23 17:52:50.057 OurGame - plate released into pool
[INFO ] 2018-12-23 17:52:50.148 OurGame - plate released into pool
[INFO ] 2018-12-23 17:52:50.212 OurGame - plate released into pool
[INFO ] 2018-12-23 17:52:50.314 OurGame - plates are added to screen
[INFO ] 2018-12-23 17:52:50.540 OurGame - plate released into pool
[INFO ] 2018-12-23 17:52:50.578 OurGame - plate released into pool
[INFO ] 2018-12-23 17:52:50.632 OurGame - plate released into pool
[INFO ] 2018-12-23 17:52:50.678 OurGame - plate released into pool
[INFO ] 2018-12-23 17:52:50.722 OurGame - plate released into pool
[INFO ] 2018-12-23 17:52:51.373 OurGame - plates are added to screen
[INFO ] 2018-12-23 17:52:51.613 OurGame - intersection of left stack with a plate happened
[INFO ] 2018-12-23 17:52:51.731 OurGame - plate released into pool
[INFO ] 2018-12-23 17:52:51.732 OurGame - plate released into pool
[INFO ] 2018-12-23 17:52:51.778 OurGame - intersection of right stack with a plate happened
[INFO ] 2018-12-23 17:52:51.836 OurGame - plate released into pool
[INFO ] 2018-12-23 17:52:51.845 OurGame - plate released into pool
[INFO ] 2018-12-23 17:52:51.929 OurGame - plate released into pool
[INFO ] 2018-12-23 17:52:52.060 OurGame - plates are added to screen
[INFO ] 2018-12-23 17:52:52.352 OurGame - plate released into pool
[INFO ] 2018-12-23 17:52:52.422 OurGame - plate released into pool
[INFO ] 2018-12-23 17:52:52.502 OurGame - plate released into pool
[INFO ] 2018-12-23 17:52:53.008 OurGame - intersection of left stack with a plate happened
[INFO ] 2018-12-23 17:52:53.016 OurGame - intersection of left stack with a plate happened
[INFO ] 2018-12-23 17:52:53.089 OurGame - plates are added to screen
[INFO ] 2018-12-23 17:52:53.411 OurGame - intersection of left stack with a plate happened
[INFO ] 2018-12-23 17:52:53.426 OurGame - intersection of left stack with a plate happened
[INFO ] 2018-12-23 17:52:53.448 OurGame - plate released into pool
[INFO ] 2018-12-23 17:52:53.567 OurGame - plate released into pool
[INFO ] 2018-12-23 17:52:53.621 OurGame - plate released into pool
[INFO ] 2018-12-23 17:52:53.865 OurGame - plates are added to screen
[INFO ] 2018-12-23 17:52:54.174 OurGame - plate released into pool
[INFO ] 2018-12-23 17:52:54.189 OurGame - plate released into pool
[INFO ] 2018-12-23 17:52:54.248 OurGame - plate released into pool
[INFO ] 2018-12-23 17:52:54.666 OurGame - intersection of left stack with a plate happened
[INFO ] 2018-12-23 17:52:54.666 CharacterStack - plate released into pool
[INFO ] 2018-12-23 17:52:54.667 CharacterStack - plate released into pool
[INFO ] 2018-12-23 17:52:54.667 CharacterStack - plate released into pool
[INFO ] 2018-12-23 17:52:54.825 OurGame - plates are added to screen
[INFO ] 2018-12-23 17:52:55.236 OurGame - plate released into pool
[INFO ] 2018-12-23 17:52:55.245 OurGame - plate released into pool
[INFO ] 2018-12-23 17:52:55.286 OurGame - plate released into pool
[INFO ] 2018-12-23 17:52:55.406 OurGame - plate released into pool
[INFO ] 2018-12-23 17:52:55.694 OurGame - plates are added to screen
[INFO ] 2018-12-23 17:52:55.996 OurGame - plate released into pool
[INFO ] 2018-12-23 17:52:56.013 OurGame - plate released into pool
[INFO ] 2018-12-23 17:52:56.040 OurGame - plate released into pool
[INFO ] 2018-12-23 17:52:56.123 OurGame - plate released into pool
[INFO ] 2018-12-23 17:52:56.151 OurGame - plate released into pool
[INFO ] 2018-12-23 17:52:56.572 OurGame - plates are added to screen
[INFO ] 2018-12-23 17:52:56.985 OurGame - plate released into pool
[INFO ] 2018-12-23 17:52:57.017 OurGame - plate released into pool
[INFO ] 2018-12-23 17:52:57.025 OurGame - intersection of left stack with a plate happened
[INFO ] 2018-12-23 17:52:57.043 OurGame - plate released into pool
[INFO ] 2018-12-23 17:52:57.133 OurGame - plate released into pool
[INFO ] 2018-12-23 17:52:57.187 OurGame - plate released into pool
[INFO ] 2018-12-23 17:52:57.333 OurGame - intersection of right stack with a plate happened
[INFO ] 2018-12-23 17:52:57.582 OurGame - plates are added to screen
[INFO ] 2018-12-23 17:52:57.982 OurGame - plate released into pool
[INFO ] 2018-12-23 17:52:57.990 OurGame - plate released into pool
[INFO ] 2018-12-23 17:52:58.016 OurGame - plate released into pool
[INFO ] 2018-12-23 17:52:58.269 OurGame - intersection of left stack with a plate happened
[INFO ] 2018-12-23 17:52:58.277 OurGame - intersection of left stack with a plate happened
[INFO ] 2018-12-23 17:52:58.326 OurGame - plates are added to screen
[INFO ] 2018-12-23 17:52:58.808 OurGame - plate released into pool
[INFO ] 2018-12-23 17:52:58.886 OurGame - plate released into pool
[INFO ] 2018-12-23 17:52:58.895 OurGame - intersection of left stack with a plate happened
[INFO ] 2018-12-23 17:52:58.954 OurGame - plate released into pool
[INFO ] 2018-12-23 17:52:58.954 OurGame - intersection with good object happened
[INFO ] 2018-12-23 17:52:58.954 OurGame - plate released into pool
[INFO ] 2018-12-23 17:52:59.449 OurGame - plates are added to screen
[INFO ] 2018-12-23 17:52:59.720 OurGame - plate released into pool
[INFO ] 2018-12-23 17:52:59.754 OurGame - plate released into pool
[INFO ] 2018-12-23 17:52:59.871 OurGame - plate released into pool
[INFO ] 2018-12-23 17:53:00.134 OurGame - plates are added to screen
[INFO ] 2018-12-23 17:53:00.583 OurGame - plate released into pool
[INFO ] 2018-12-23 17:53:00.590 OurGame - plate released into pool
[INFO ] 2018-12-23 17:53:00.598 OurGame - plate released into pool
[INFO ] 2018-12-23 17:53:00.615 OurGame - plate released into pool
[INFO ] 2018-12-23 17:53:00.696 OurGame - plate released into pool
[INFO ] 2018-12-23 17:53:01.156 OurGame - plates are added to screen
[INFO ] 2018-12-23 17:53:01.526 OurGame - plate released into pool
[INFO ] 2018-12-23 17:53:01.550 OurGame - plate released into pool
[INFO ] 2018-12-23 17:53:01.582 OurGame - plate released into pool
[INFO ] 2018-12-23 17:53:01.686 OurGame - plate released into pool
[INFO ] 2018-12-23 17:53:01.709 OurGame - plate released into pool
[INFO ] 2018-12-23 17:53:01.718 OurGame - intersection of left stack with a plate happened
[INFO ] 2018-12-23 17:53:01.871 OurGame - plates are added to screen
[INFO ] 2018-12-23 17:53:02.254 OurGame - plate released into pool
[INFO ] 2018-12-23 17:53:02.288 OurGame - plate released into pool
[INFO ] 2018-12-23 17:53:02.347 OurGame - plate released into pool
[INFO ] 2018-12-23 17:53:02.436 OurGame - plate released into pool
[INFO ] 2018-12-23 17:53:02.884 OurGame - plates are added to screen
[INFO ] 2018-12-23 17:53:03.309 OurGame - plate released into pool
[INFO ] 2018-12-23 17:53:03.309 OurGame - plate released into pool
[INFO ] 2018-12-23 17:53:03.341 OurGame - plate released into pool
[INFO ] 2018-12-23 17:53:03.391 OurGame - plate released into pool
[INFO ] 2018-12-23 17:53:03.547 OurGame - plate released into pool
[INFO ] 2018-12-23 17:53:03.564 OurGame - plates are added to screen
[INFO ] 2018-12-23 17:53:03.643 OurGame - intersection of right stack with a plate happened
[INFO ] 2018-12-23 17:53:04.005 OurGame - plate released into pool
[INFO ] 2018-12-23 17:53:04.078 OurGame - plate released into pool
[INFO ] 2018-12-23 17:53:04.094 OurGame - plate released into pool
[INFO ] 2018-12-23 17:53:04.120 OurGame - plate released into pool
[INFO ] 2018-12-23 17:53:04.733 OurGame - plates are added to screen
[INFO ] 2018-12-23 17:53:05.066 OurGame - plate released into pool
[INFO ] 2018-12-23 17:53:05.066 OurGame - plate released into pool
[INFO ] 2018-12-23 17:53:05.097 OurGame - plate released into pool
[INFO ] 2018-12-23 17:53:05.100 OurGame - intersection of left stack with a plate happened
[INFO ] 2018-12-23 17:53:05.141 OurGame - plate released into pool
[INFO ] 2018-12-23 17:53:05.174 OurGame - intersection of right stack with a plate happened
[INFO ] 2018-12-23 17:53:05.217 OurGame - plates are added to screen
[INFO ] 2018-12-23 17:53:05.251 OurGame - plate released into pool
[INFO ] 2018-12-23 17:53:05.772 OurGame - plate released into pool
[INFO ] 2018-12-23 17:53:05.780 OurGame - plate released into pool
[INFO ] 2018-12-23 17:53:05.901 OurGame - plate released into pool
[INFO ] 2018-12-23 17:53:06.571 OurGame - plates are added to screen
[INFO ] 2018-12-23 17:53:06.800 OurGame - plate released into pool
[INFO ] 2018-12-23 17:53:06.808 OurGame - intersection of right stack with a plate happened
[INFO ] 2018-12-23 17:53:06.849 OurGame - plate released into pool
[INFO ] 2018-12-23 17:53:06.930 OurGame - plate released into pool
[INFO ] 2018-12-23 17:53:06.978 OurGame - plate released into pool
[INFO ] 2018-12-23 17:53:06.987 OurGame - plate released into pool
[INFO ] 2018-12-23 17:53:07.002 OurGame - plates are added to screen
[INFO ] 2018-12-23 17:53:07.431 OurGame - plate released into pool
[INFO ] 2018-12-23 17:53:07.440 OurGame - plate released into pool
[INFO ] 2018-12-23 17:53:07.448 OurGame - plate released into pool
[INFO ] 2018-12-23 17:53:07.587 OurGame - plate released into pool
[INFO ] 2018-12-23 17:53:08.392 OurGame - plates are added to screen
[INFO ] 2018-12-23 17:53:08.392 OurGame - intersection of right stack with a plate happened
[INFO ] 2018-12-23 17:53:08.393 CharacterStack - plate released into pool
[INFO ] 2018-12-23 17:53:08.393 CharacterStack - plate released into pool
[INFO ] 2018-12-23 17:53:08.394 CharacterStack - plate released into pool
[INFO ] 2018-12-23 17:53:08.603 OurGame - plate released into pool
[INFO ] 2018-12-23 17:53:08.627 OurGame - plate released into pool
[INFO ] 2018-12-23 17:53:08.666 OurGame - plate released into pool
[INFO ] 2018-12-23 17:53:08.682 OurGame - plates are added to screen
[INFO ] 2018-12-23 17:53:08.682 OurGame - plates are added to screen
[INFO ] 2018-12-23 17:53:08.706 OurGame - plate released into pool
[INFO ] 2018-12-23 17:53:08.706 OurGame - intersection of left stack with a plate happened
[INFO ] 2018-12-23 17:53:08.815 OurGame - plate released into pool
[INFO ] 2018-12-23 17:53:08.970 OurGame - plate released into pool
[INFO ] 2018-12-23 17:53:09.035 OurGame - plate released into pool
[INFO ] 2018-12-23 17:53:09.064 OurGame - plate released into pool
[INFO ] 2018-12-23 17:53:09.092 OurGame - plate released into pool
[INFO ] 2018-12-23 17:53:09.101 OurGame - plate released into pool
[INFO ] 2018-12-23 17:53:09.190 OurGame - plate released into pool
[INFO ] 2018-12-23 17:53:09.237 OurGame - plate released into pool
[INFO ] 2018-12-23 17:53:09.290 OurGame - plate released into pool
[INFO ] 2018-12-23 17:53:09.456 OurGame - intersection of left stack with a plate happened
[INFO ] 2018-12-23 17:53:10.142 OurGame - intersection of left stack with a plate happened
[INFO ] 2018-12-23 17:53:10.150 OurGame - intersection of left stack with a plate happened
[INFO ] 2018-12-23 17:53:10.205 OurGame - plates are added to screen
[INFO ] 2018-12-23 17:53:10.485 OurGame - intersection of right stack with a plate happened
[INFO ] 2018-12-23 17:53:10.493 OurGame - plates are added to screen
[INFO ] 2018-12-23 17:53:10.493 OurGame - intersection of right stack with a plate happened
[INFO ] 2018-12-23 17:53:10.525 OurGame - plate released into pool
[INFO ] 2018-12-23 17:53:10.532 OurGame - intersection of right stack with a plate happened
[INFO ] 2018-12-23 17:53:10.548 OurGame - plate released into pool
[INFO ] 2018-12-23 17:53:10.548 OurGame - plates are added to screen
[INFO ] 2018-12-23 17:53:10.572 OurGame - plate released into pool
[INFO ] 2018-12-23 17:53:10.660 OurGame - plate released into pool
[INFO ] 2018-12-23 17:53:10.735 OurGame - plate released into pool
[INFO ] 2018-12-23 17:53:10.809 OurGame - plate released into pool
[INFO ] 2018-12-23 17:53:10.911 OurGame - plate released into pool
[INFO ] 2018-12-23 17:53:10.962 OurGame - plate released into pool
[INFO ] 2018-12-23 17:53:11.052 OurGame - plate released into pool
[INFO ] 2018-12-23 17:53:12.026 OurGame - intersection of left stack with a plate happened
[INFO ] 2018-12-23 17:53:12.098 OurGame - plates are added to screen
[INFO ] 2018-12-23 17:53:12.418 OurGame - plates are added to screen
[INFO ] 2018-12-23 17:53:12.434 OurGame - plate released into pool
[INFO ] 2018-12-23 17:53:12.473 OurGame - plate released into pool
[INFO ] 2018-12-23 17:53:12.553 OurGame - plate released into pool
[INFO ] 2018-12-23 17:53:12.589 OurGame - plates are added to screen
[INFO ] 2018-12-23 17:53:12.608 OurGame - plate released into pool
[INFO ] 2018-12-23 17:53:12.615 OurGame - plate released into pool
[INFO ] 2018-12-23 17:53:12.761 OurGame - plate released into pool
[INFO ] 2018-12-23 17:53:12.761 OurGame - plate released into pool
[INFO ] 2018-12-23 17:53:12.841 OurGame - plate released into pool
[INFO ] 2018-12-23 17:53:12.854 OurGame - plate released into pool
[INFO ] 2018-12-23 17:53:12.923 OurGame - plate released into pool
[INFO ] 2018-12-23 17:53:12.949 OurGame - plate released into pool
[INFO ] 2018-12-23 17:53:13.008 OurGame - plate released into pool
[INFO ] 2018-12-23 17:53:13.027 OurGame - plate released into pool
[INFO ] 2018-12-23 17:53:13.082 OurGame - plate released into pool
[INFO ] 2018-12-23 17:53:14.066 OurGame - intersection of left stack with a plate happened
[INFO ] 2018-12-23 17:53:14.200 OurGame - plates are added to screen
[INFO ] 2018-12-23 17:53:14.266 OurGame - intersection of right stack with a plate happened
[INFO ] 2018-12-23 17:53:14.483 OurGame - plate released into pool
[INFO ] 2018-12-23 17:53:14.491 OurGame - plate released into pool
[INFO ] 2018-12-23 17:53:14.491 OurGame - plates are added to screen
[INFO ] 2018-12-23 17:53:14.500 OurGame - plate released into pool
[INFO ] 2018-12-23 17:53:14.530 OurGame - plate released into pool
[INFO ] 2018-12-23 17:53:14.563 OurGame - intersection of right stack with a plate happened
[INFO ] 2018-12-23 17:53:14.563 OurGame - intersection of right stack with a plate happened
[INFO ] 2018-12-23 17:53:14.588 OurGame - plate released into pool
[INFO ] 2018-12-23 17:53:14.605 OurGame - intersection of right stack with a plate happened
[INFO ] 2018-12-23 17:53:14.605 OurGame - plates are added to screen
[INFO ] 2018-12-23 17:53:14.781 OurGame - plate released into pool
[INFO ] 2018-12-23 17:53:14.836 OurGame - plate released into pool
[INFO ] 2018-12-23 17:53:14.885 OurGame - plate released into pool
[INFO ] 2018-12-23 17:53:15.010 OurGame - plate released into pool
[INFO ] 2018-12-23 17:53:15.082 OurGame - plate released into pool
[INFO ] 2018-12-23 17:53:15.384 OurGame - intersection of left stack with a plate happened
[INFO ] 2018-12-23 17:53:15.610 OurGame - intersection of left stack with a plate happened
[INFO ] 2018-12-23 17:53:15.756 OurGame - intersection of right stack with a plate happened
[INFO ] 2018-12-23 17:53:16.091 OurGame - plates are added to screen
[INFO ] 2018-12-23 17:53:16.220 OurGame - intersection of right stack with a plate happened
[INFO ] 2018-12-23 17:53:16.228 OurGame - intersection of right stack with a plate happened
[INFO ] 2018-12-23 17:53:16.349 OurGame - plate released into pool
[INFO ] 2018-12-23 17:53:16.358 OurGame - plate released into pool
[INFO ] 2018-12-23 17:53:16.366 OurGame - plates are added to screen
[INFO ] 2018-12-23 17:53:16.457 OurGame - intersection of left stack with a plate happened
[INFO ] 2018-12-23 17:53:16.498 OurGame - plate released into pool
[INFO ] 2018-12-23 17:53:16.522 OurGame - plates are added to screen
[INFO ] 2018-12-23 17:53:16.576 OurGame - plate released into pool
[INFO ] 2018-12-23 17:53:16.709 OurGame - plate released into pool
[INFO ] 2018-12-23 17:53:16.886 OurGame - plate released into pool
[INFO ] 2018-12-23 17:53:16.899 OurGame - plate released into pool
[INFO ] 2018-12-23 17:53:16.912 OurGame - plate released into pool
[INFO ] 2018-12-23 17:53:16.912 OurGame - plate released into pool
[INFO ] 2018-12-23 17:53:17.222 OurGame - intersection of left stack with a plate happened
[INFO ] 2018-12-23 17:53:17.270 OurGame - intersection of left stack with a plate happened
[INFO ] 2018-12-23 17:53:17.338 OurGame - intersection of left stack with a plate happened
[INFO ] 2018-12-23 17:53:18.100 OurGame - plates are added to screen
[INFO ] 2018-12-23 17:53:18.258 OurGame - plates are added to screen
[INFO ] 2018-12-23 17:53:18.354 OurGame - plate released into pool
[INFO ] 2018-12-23 17:53:18.551 OurGame - plate released into pool
[INFO ] 2018-12-23 17:53:18.663 OurGame - plate released into pool
[INFO ] 2018-12-23 17:53:18.764 OurGame - plate released into pool
[INFO ] 2018-12-23 17:53:18.771 OurGame - plate released into pool
[INFO ] 2018-12-23 17:53:18.794 OurGame - plate released into pool
[INFO ] 2018-12-23 17:53:18.844 OurGame - plate released into pool
[INFO ] 2018-12-23 17:53:19.157 OurGame - intersection of left stack with a plate happened
[INFO ] 2018-12-23 17:53:19.157 CharacterStack - plate released into pool
[INFO ] 2018-12-23 17:53:19.157 CharacterStack - plate released into pool
[INFO ] 2018-12-23 17:53:19.158 CharacterStack - plate released into pool
[INFO ] 2018-12-23 17:53:19.228 OurGame - intersection with good object happened
[INFO ] 2018-12-23 17:53:19.229 OurGame - plate released into pool
[INFO ] 2018-12-23 17:53:19.825 OurGame - intersection of right stack with a plate happened
[INFO ] 2018-12-23 17:53:19.905 OurGame - plates are added to screen
[INFO ] 2018-12-23 17:53:19.952 OurGame - plates are added to screen
[INFO ] 2018-12-23 17:53:20.227 OurGame - plate released into pool
[INFO ] 2018-12-23 17:53:20.243 OurGame - plate released into pool
[INFO ] 2018-12-23 17:53:20.268 OurGame - plate released into pool
[INFO ] 2018-12-23 17:53:20.332 OurGame - plate released into pool
[INFO ] 2018-12-23 17:53:20.448 OurGame - plate released into pool
[INFO ] 2018-12-23 17:53:20.473 OurGame - plate released into pool
[INFO ] 2018-12-23 17:53:20.631 OurGame - plate released into pool
[INFO ] 2018-12-23 17:53:21.638 OurGame - plates are added to screen
[INFO ] 2018-12-23 17:53:21.748 OurGame - plates are added to screen
[INFO ] 2018-12-23 17:53:21.941 OurGame - plate released into pool
[INFO ] 2018-12-23 17:53:21.966 OurGame - plate released into pool
[INFO ] 2018-12-23 17:53:21.999 OurGame - plate released into pool
[INFO ] 2018-12-23 17:53:22.028 OurGame - plate released into pool
[INFO ] 2018-12-23 17:53:22.134 OurGame - plate released into pool
[INFO ] 2018-12-23 17:53:22.158 OurGame - plate released into pool
[INFO ] 2018-12-23 17:53:22.174 OurGame - plate released into pool
[INFO ] 2018-12-23 17:53:22.174 OurGame - plate released into pool
[INFO ] 2018-12-23 17:53:22.272 OurGame - plate released into pool
[INFO ] 2018-12-23 17:53:22.296 OurGame - plate released into pool
[INFO ] 2018-12-23 17:53:23.110 OurGame - intersection of right stack with a plate happened
[INFO ] 2018-12-23 17:53:23.204 OurGame - intersection of right stack with a plate happened
[INFO ] 2018-12-23 17:53:23.365 OurGame - plates are added to screen
[INFO ] 2018-12-23 17:53:23.583 OurGame - plates are added to screen
[INFO ] 2018-12-23 17:53:23.774 OurGame - plate released into pool
[INFO ] 2018-12-23 17:53:23.854 OurGame - plate released into pool
[INFO ] 2018-12-23 17:53:23.861 OurGame - plate released into pool
[INFO ] 2018-12-23 17:53:23.912 OurGame - plate released into pool
[INFO ] 2018-12-23 17:53:23.927 OurGame - plate released into pool
[INFO ] 2018-12-23 17:53:23.950 OurGame - plate released into pool
[INFO ] 2018-12-23 17:53:23.957 OurGame - plate released into pool
[INFO ] 2018-12-23 17:53:24.005 OurGame - plate released into pool
[INFO ] 2018-12-23 17:53:24.479 OurGame - intersection of left stack with a plate happened
[INFO ] 2018-12-23 17:53:25.003 OurGame - intersection of right stack with a plate happened
[INFO ] 2018-12-23 17:53:25.084 OurGame - plates are added to screen
[INFO ] 2018-12-23 17:53:25.367 OurGame - plates are added to screen
[INFO ] 2018-12-23 17:53:25.526 OurGame - plate released into pool
[INFO ] 2018-12-23 17:53:25.549 OurGame - plate released into pool
[INFO ] 2018-12-23 17:53:25.578 OurGame - plate released into pool
[INFO ] 2018-12-23 17:53:25.620 OurGame - plate released into pool
[INFO ] 2018-12-23 17:53:25.651 OurGame - plate released into pool
[INFO ] 2018-12-23 17:53:25.696 OurGame - plate released into pool
[INFO ] 2018-12-23 17:53:25.712 OurGame - plate released into pool
[INFO ] 2018-12-23 17:53:25.779 OurGame - plate released into pool
[INFO ] 2018-12-23 17:53:26.782 OurGame - plates are added to screen
[INFO ] 2018-12-23 17:53:27.142 OurGame - plates are added to screen
[INFO ] 2018-12-23 17:53:27.190 OurGame - plate released into pool
[INFO ] 2018-12-23 17:53:27.221 OurGame - plate released into pool
[INFO ] 2018-12-23 17:53:27.277 OurGame - plate released into pool
[INFO ] 2018-12-23 17:53:27.285 OurGame - plate released into pool
[INFO ] 2018-12-23 17:53:27.316 OurGame - plate released into pool
[INFO ] 2018-12-23 17:53:27.358 OurGame - plate released into pool
[INFO ] 2018-12-23 17:53:27.474 OurGame - plate released into pool
[INFO ] 2018-12-23 17:53:27.528 OurGame - plate released into pool
[INFO ] 2018-12-23 17:53:27.552 OurGame - plate released into pool
[INFO ] 2018-12-23 17:53:27.568 OurGame - plate released into pool
[INFO ] 2018-12-23 17:53:27.896 OurGame - intersection of left stack with a plate happened
[INFO ] 2018-12-23 17:53:28.346 OurGame - intersection of left stack with a plate happened
[INFO ] 2018-12-23 17:53:28.364 OurGame - intersection of right stack with a plate happened
[INFO ] 2018-12-23 17:53:28.466 OurGame - plates are added to screen
[INFO ] 2018-12-23 17:53:28.985 OurGame - plate released into pool
[INFO ] 2018-12-23 17:53:29.034 OurGame - plates are added to screen
[INFO ] 2018-12-23 17:53:29.051 OurGame - plate released into pool
[INFO ] 2018-12-23 17:53:29.074 OurGame - plate released into pool
[INFO ] 2018-12-23 17:53:29.228 OurGame - plate released into pool
[INFO ] 2018-12-23 17:53:29.309 OurGame - plate released into pool
[INFO ] 2018-12-23 17:53:29.397 OurGame - plate released into pool
[INFO ] 2018-12-23 17:53:29.436 OurGame - plate released into pool
[INFO ] 2018-12-23 17:53:30.189 OurGame - plates are added to screen
[INFO ] 2018-12-23 17:53:30.659 OurGame - plate released into pool
[INFO ] 2018-12-23 17:53:30.692 OurGame - plate released into pool
[INFO ] 2018-12-23 17:53:30.731 OurGame - plate released into pool
[INFO ] 2018-12-23 17:53:30.748 OurGame - plate released into pool
[INFO ] 2018-12-23 17:53:30.876 OurGame - plates are added to screen
[INFO ] 2018-12-23 17:53:30.876 OurGame - plate released into pool
[INFO ] 2018-12-23 17:53:31.047 OurGame - plate released into pool
[INFO ] 2018-12-23 17:53:31.136 OurGame - plate released into pool
[INFO ] 2018-12-23 17:53:31.186 OurGame - plate released into pool
[INFO ] 2018-12-23 17:53:31.240 OurGame - plate released into pool
[INFO ] 2018-12-23 17:53:31.282 OurGame - plate released into pool
[INFO ] 2018-12-23 17:53:31.414 OurGame - intersection of left stack with a plate happened
[INFO ] 2018-12-23 17:53:31.607 OurGame - intersection of right stack with a plate happened
[INFO ] 2018-12-23 17:53:31.938 OurGame - plates are added to screen
[INFO ] 2018-12-23 17:53:31.980 OurGame - intersection of left stack with a plate happened
[INFO ] 2018-12-23 17:53:32.367 OurGame - plate released into pool
[INFO ] 2018-12-23 17:53:32.425 OurGame - plate released into pool
[INFO ] 2018-12-23 17:53:32.511 OurGame - plate released into pool
[INFO ] 2018-12-23 17:53:32.702 OurGame - plates are added to screen
[INFO ] 2018-12-23 17:53:32.879 OurGame - plate released into pool
[INFO ] 2018-12-23 17:53:33.003 OurGame - plate released into pool
[INFO ] 2018-12-23 17:53:33.037 OurGame - plate released into pool
[INFO ] 2018-12-23 17:53:33.054 OurGame - intersection of left stack with a plate happened
[INFO ] 2018-12-23 17:53:33.111 OurGame - plate released into pool
[INFO ] 2018-12-23 17:53:33.193 OurGame - intersection of right stack with a plate happened
[INFO ] 2018-12-23 17:53:33.689 OurGame - plates are added to screen
[INFO ] 2018-12-23 17:53:34.028 OurGame - intersection of right stack with a plate happened
[INFO ] 2018-12-23 17:53:34.144 OurGame - plate released into pool
[INFO ] 2018-12-23 17:53:34.151 OurGame - plate released into pool
[INFO ] 2018-12-23 17:53:34.223 OurGame - plate released into pool
[INFO ] 2018-12-23 17:53:34.488 OurGame - plates are added to screen
[INFO ] 2018-12-23 17:53:34.809 OurGame - intersection of left stack with a plate happened
[INFO ] 2018-12-23 17:53:34.826 OurGame - plate released into pool
[INFO ] 2018-12-23 17:53:34.833 OurGame - plate released into pool
[INFO ] 2018-12-23 17:53:34.880 OurGame - plate released into pool
[INFO ] 2018-12-23 17:53:34.928 OurGame - plate released into pool
[INFO ] 2018-12-23 17:53:35.062 OurGame - intersection of right stack with a plate happened
[INFO ] 2018-12-23 17:53:35.393 OurGame - intersection of left stack with a plate happened
[INFO ] 2018-12-23 17:53:35.447 OurGame - plates are added to screen
[INFO ] 2018-12-23 17:53:35.693 OurGame - intersection of right stack with a plate happened
[INFO ] 2018-12-23 17:53:35.766 OurGame - plate released into pool
[INFO ] 2018-12-23 17:53:35.843 OurGame - plate released into pool
[INFO ] 2018-12-23 17:53:35.901 OurGame - plate released into pool
[INFO ] 2018-12-23 17:53:36.297 OurGame - plates are added to screen
[INFO ] 2018-12-23 17:53:36.589 OurGame - plate released into pool
[INFO ] 2018-12-23 17:53:36.652 OurGame - plate released into pool
[INFO ] 2018-12-23 17:53:36.701 OurGame - plate released into pool
[INFO ] 2018-12-23 17:53:37.225 OurGame - plates are added to screen
[INFO ] 2018-12-23 17:53:37.306 OurGame - intersection of left stack with a plate happened
[INFO ] 2018-12-23 17:53:37.606 OurGame - plate released into pool
[INFO ] 2018-12-23 17:53:37.631 OurGame - plate released into pool
[INFO ] 2018-12-23 17:53:37.676 OurGame - plate released into pool
[INFO ] 2018-12-23 17:53:37.690 OurGame - plate released into pool
[INFO ] 2018-12-23 17:53:37.729 OurGame - plate released into pool
[INFO ] 2018-12-23 17:53:38.102 OurGame - plates are added to screen
[INFO ] 2018-12-23 17:53:38.321 OurGame - intersection of right stack with a plate happened
[INFO ] 2018-12-23 17:53:38.361 OurGame - plate released into pool
[INFO ] 2018-12-23 17:53:38.392 OurGame - plate released into pool
[INFO ] 2018-12-23 17:53:38.503 OurGame - plate released into pool
[INFO ] 2018-12-23 17:53:38.518 OurGame - plate released into pool
[INFO ] 2018-12-23 17:53:39.025 OurGame - plates are added to screen
[INFO ] 2018-12-23 17:53:39.252 OurGame - plate released into pool
[INFO ] 2018-12-23 17:53:39.331 OurGame - intersection of right stack with a plate happened
[INFO ] 2018-12-23 17:53:39.437 OurGame - plate released into pool
[INFO ] 2018-12-23 17:53:39.445 OurGame - plate released into pool
[INFO ] 2018-12-23 17:53:39.486 OurGame - plate released into pool
[INFO ] 2018-12-23 17:53:39.908 OurGame - plates are added to screen
[INFO ] 2018-12-23 17:53:40.110 OurGame - plate released into pool
[INFO ] 2018-12-23 17:53:40.126 OurGame - plate released into pool
[INFO ] 2018-12-23 17:53:40.297 OurGame - plate released into pool
[INFO ] 2018-12-23 17:53:40.321 OurGame - plate released into pool
[INFO ] 2018-12-23 17:53:40.833 OurGame - plates are added to screen
[INFO ] 2018-12-23 17:53:41.169 OurGame - plate released into pool
[INFO ] 2018-12-23 17:53:41.217 OurGame - plate released into pool
[INFO ] 2018-12-23 17:53:41.217 OurGame - plate released into pool
[INFO ] 2018-12-23 17:53:41.241 OurGame - plate released into pool
[INFO ] 2018-12-23 17:53:41.250 OurGame - plate released into pool
[INFO ] 2018-12-23 17:53:41.724 OurGame - plates are added to screen
[INFO ] 2018-12-23 17:53:41.844 OurGame - intersection of left stack with a plate happened
[INFO ] 2018-12-23 17:53:41.915 OurGame - plate released into pool
[INFO ] 2018-12-23 17:53:41.968 OurGame - plate released into pool
[INFO ] 2018-12-23 17:53:41.998 OurGame - plate released into pool
[INFO ] 2018-12-23 17:53:42.063 OurGame - plate released into pool
[INFO ] 2018-12-23 17:53:42.127 OurGame - plate released into pool
[INFO ] 2018-12-23 17:53:42.622 OurGame - intersection of left stack with a plate happened
[INFO ] 2018-12-23 17:53:42.630 OurGame - plates are added to screen
[INFO ] 2018-12-23 17:53:42.960 OurGame - plate released into pool
[INFO ] 2018-12-23 17:53:42.994 OurGame - plate released into pool
[INFO ] 2018-12-23 17:53:43.002 OurGame - plate released into pool
[INFO ] 2018-12-23 17:53:43.061 OurGame - plate released into pool
[INFO ] 2018-12-23 17:53:43.556 OurGame - plates are added to screen
[INFO ] 2018-12-23 17:53:43.628 OurGame - intersection of left stack with a plate happened
[INFO ] 2018-12-23 17:53:43.833 OurGame - plate released into pool
[INFO ] 2018-12-23 17:53:43.896 OurGame - plate released into pool
[INFO ] 2018-12-23 17:53:43.961 OurGame - plate released into pool
[INFO ] 2018-12-23 17:53:43.978 OurGame - plate released into pool
[INFO ] 2018-12-23 17:53:44.410 OurGame - plates are added to screen
[INFO ] 2018-12-23 17:53:44.476 OurGame - intersection of left stack with a plate happened
[INFO ] 2018-12-23 17:53:44.687 OurGame - intersection of right stack with a plate happened
[INFO ] 2018-12-23 17:53:44.727 OurGame - plate released into pool
[INFO ] 2018-12-23 17:53:44.792 OurGame - plate released into pool
[INFO ] 2018-12-23 17:53:44.874 OurGame - plate released into pool
[INFO ] 2018-12-23 17:53:44.883 OurGame - plate released into pool
[INFO ] 2018-12-23 17:53:45.321 OurGame - plates are added to screen
[INFO ] 2018-12-23 17:53:45.526 OurGame - intersection of right stack with a plate happened
[INFO ] 2018-12-23 17:53:45.743 OurGame - plate released into pool
[INFO ] 2018-12-23 17:53:45.743 OurGame - plate released into pool
[INFO ] 2018-12-23 17:53:45.825 OurGame - plate released into pool
[INFO ] 2018-12-23 17:53:54.723 ModeFactory - christmass mode has been created with mediumdifficulty
[INFO ] 2018-12-23 17:53:57.172 OurGame - plates are added to screen
[INFO ] 2018-12-23 17:53:59.240 OurGame - plates are added to screen
[INFO ] 2018-12-23 17:53:59.332 OurGame - intersection of right stack with a plate happened
[INFO ] 2018-12-23 17:53:59.390 OurGame - intersection of left stack with a plate happened
[INFO ] 2018-12-23 17:53:59.590 OurGame - plate released into pool
[INFO ] 2018-12-23 17:53:59.681 OurGame - plate released into pool
[INFO ] 2018-12-23 17:53:59.722 OurGame - plate released into pool
[INFO ] 2018-12-23 17:54:01.147 OurGame - plates are added to screen
[INFO ] 2018-12-23 17:54:01.385 OurGame - plate released into pool
[INFO ] 2018-12-23 17:54:01.401 OurGame - plate released into pool
[INFO ] 2018-12-23 17:54:01.409 OurGame - plate released into pool
[INFO ] 2018-12-23 17:54:01.481 OurGame - plate released into pool
[INFO ] 2018-12-23 17:54:01.561 OurGame - plate released into pool
[INFO ] 2018-12-23 17:54:03.003 OurGame - plates are added to screen
[INFO ] 2018-12-23 17:54:03.071 OurGame - intersection of left stack with a plate happened
[INFO ] 2018-12-23 17:54:03.082 OurGame - intersection of left stack with a plate happened
[INFO ] 2018-12-23 17:54:03.311 OurGame - plate released into pool
[INFO ] 2018-12-23 17:54:03.321 OurGame - plate released into pool
[INFO ] 2018-12-23 17:54:03.423 OurGame - plate released into pool
[INFO ] 2018-12-23 17:54:04.764 OurGame - intersection of left stack with a plate happened
[INFO ] 2018-12-23 17:54:04.874 OurGame - intersection of right stack with a plate happened
[INFO ] 2018-12-23 17:54:04.889 OurGame - plates are added to screen
[INFO ] 2018-12-23 17:54:05.138 OurGame - plate released into pool
[INFO ] 2018-12-23 17:54:05.237 OurGame - plate released into pool
[INFO ] 2018-12-23 17:54:05.285 OurGame - plate released into pool
[INFO ] 2018-12-23 17:54:06.581 OurGame - intersection of right stack with a plate happened
[INFO ] 2018-12-23 17:54:06.708 OurGame - intersection of right stack with a plate happened
[INFO ] 2018-12-23 17:54:06.756 OurGame - plates are added to screen
[INFO ] 2018-12-23 17:54:06.988 OurGame - plate released into pool
[INFO ] 2018-12-23 17:54:07.065 OurGame - plate released into pool
[INFO ] 2018-12-23 17:54:07.192 OurGame - plate released into pool
[INFO ] 2018-12-23 17:54:08.787 OurGame - plates are added to screen
[INFO ] 2018-12-23 17:54:09.037 OurGame - plate released into pool
[INFO ] 2018-12-23 17:54:09.061 OurGame - plate released into pool
[INFO ] 2018-12-23 17:54:09.206 OurGame - plate released into pool
[INFO ] 2018-12-23 17:54:09.216 OurGame - plate released into pool
[INFO ] 2018-12-23 17:54:09.224 OurGame - plate released into pool
[INFO ] 2018-12-23 17:54:10.456 OurGame - intersection of left stack with a plate happened
[INFO ] 2018-12-23 17:54:10.456 CharacterStack - plate released into pool
[INFO ] 2018-12-23 17:54:10.457 CharacterStack - plate released into pool
[INFO ] 2018-12-23 17:54:10.457 CharacterStack - plate released into pool
[INFO ] 2018-12-23 17:54:10.638 OurGame - plates are added to screen
[INFO ] 2018-12-23 17:54:10.890 OurGame - plate released into pool
[INFO ] 2018-12-23 17:54:10.914 OurGame - plate released into pool
[INFO ] 2018-12-23 17:54:10.978 OurGame - plate released into pool
[INFO ] 2018-12-23 17:54:11.113 OurGame - plate released into pool
[INFO ] 2018-12-23 17:54:12.447 OurGame - intersection of left stack with a plate happened
[INFO ] 2018-12-23 17:54:12.448 CharacterStack - plate released into pool
[INFO ] 2018-12-23 17:54:12.448 CharacterStack - plate released into pool
[INFO ] 2018-12-23 17:54:12.448 CharacterStack - plate released into pool
[INFO ] 2018-12-23 17:54:12.471 OurGame - plates are added to screen
[INFO ] 2018-12-23 17:54:12.591 OurGame - intersection of left stack with a plate happened
[INFO ] 2018-12-23 17:54:12.745 OurGame - plate released into pool
[INFO ] 2018-12-23 17:54:12.849 OurGame - plate released into pool
[INFO ] 2018-12-23 17:54:12.873 OurGame - plate released into pool
[INFO ] 2018-12-23 17:54:14.147 OurGame - intersection of right stack with a plate happened
[INFO ] 2018-12-23 17:54:14.303 OurGame - plates are added to screen
[INFO ] 2018-12-23 17:54:14.583 OurGame - plate released into pool
[INFO ] 2018-12-23 17:54:14.650 OurGame - plate released into pool
[INFO ] 2018-12-23 17:54:14.736 OurGame - plate released into pool
[INFO ] 2018-12-23 17:54:14.774 OurGame - plate released into pool
[INFO ] 2018-12-23 17:54:16.086 OurGame - intersection of right stack with a plate happened
[INFO ] 2018-12-23 17:54:16.086 CharacterStack - plate released into pool
[INFO ] 2018-12-23 17:54:16.086 CharacterStack - plate released into pool
[INFO ] 2018-12-23 17:54:16.087 CharacterStack - plate released into pool
[INFO ] 2018-12-23 17:54:16.281 OurGame - plates are added to screen
[INFO ] 2018-12-23 17:54:16.516 OurGame - plate released into pool
[INFO ] 2018-12-23 17:54:16.579 OurGame - plate released into pool
[INFO ] 2018-12-23 17:54:16.671 OurGame - plate released into pool
[INFO ] 2018-12-23 17:54:16.696 OurGame - plate released into pool
[INFO ] 2018-12-23 17:54:18.029 OurGame - intersection of right stack with a plate happened
[INFO ] 2018-12-23 17:54:18.029 CharacterStack - plate released into pool
[INFO ] 2018-12-23 17:54:18.030 CharacterStack - plate released into pool
[INFO ] 2018-12-23 17:54:18.030 CharacterStack - plate released into pool
[INFO ] 2018-12-23 17:54:18.233 OurGame - plates are added to screen
[INFO ] 2018-12-23 17:54:18.431 OurGame - plate released into pool
[INFO ] 2018-12-23 17:54:18.589 OurGame - plate released into pool
[INFO ] 2018-12-23 17:54:18.668 OurGame - plate released into pool
[INFO ] 2018-12-23 17:54:18.692 OurGame - plate released into pool
[INFO ] 2018-12-23 17:54:20.185 OurGame - plates are added to screen
[INFO ] 2018-12-23 17:54:20.481 OurGame - plate released into pool
[INFO ] 2018-12-23 17:54:20.553 OurGame - plate released into pool
[INFO ] 2018-12-23 17:54:20.579 OurGame - plate released into pool
[INFO ] 2018-12-23 17:54:20.612 OurGame - plate released into pool
[INFO ] 2018-12-23 17:54:20.620 OurGame - plate released into pool
[INFO ] 2018-12-23 17:54:22.025 OurGame - plates are added to screen
[INFO ] 2018-12-23 17:54:22.033 OurGame - intersection of left stack with a plate happened
[INFO ] 2018-12-23 17:54:22.329 OurGame - plate released into pool
[INFO ] 2018-12-23 17:54:22.338 OurGame - plate released into pool
[INFO ] 2018-12-23 17:54:22.395 OurGame - plate released into pool
[INFO ] 2018-12-23 17:54:22.436 OurGame - plate released into pool
[INFO ] 2018-12-23 17:54:23.761 OurGame - intersection with good object happened
[INFO ] 2018-12-23 17:54:23.761 OurGame - plate released into pool
[INFO ] 2018-12-23 17:54:23.994 OurGame - plates are added to screen
[INFO ] 2018-12-23 17:54:24.010 OurGame - intersection of right stack with a plate happened
[INFO ] 2018-12-23 17:54:24.425 OurGame - plate released into pool
[INFO ] 2018-12-23 17:54:24.475 OurGame - plate released into pool
[INFO ] 2018-12-23 17:54:24.482 OurGame - plate released into pool
[INFO ] 2018-12-23 17:54:25.780 OurGame - intersection with good object happened
[INFO ] 2018-12-23 17:54:25.781 OurGame - plate released into pool
[INFO ] 2018-12-23 17:54:25.923 OurGame - plates are added to screen
[INFO ] 2018-12-23 17:54:26.286 OurGame - plate released into pool
[INFO ] 2018-12-23 17:54:26.310 OurGame - plate released into pool
[INFO ] 2018-12-23 17:54:26.335 OurGame - plate released into pool
[INFO ] 2018-12-23 17:54:26.391 OurGame - plate released into pool
[INFO ] 2018-12-23 17:54:27.620 OurGame - intersection of left stack with a plate happened
[INFO ] 2018-12-23 17:54:27.636 OurGame - intersection of right stack with a plate happened
[INFO ] 2018-12-23 17:54:27.676 OurGame - plates are added to screen
[INFO ] 2018-12-23 17:54:28.207 OurGame - plate released into pool
[INFO ] 2018-12-23 17:54:28.223 OurGame - plate released into pool
[INFO ] 2018-12-23 17:54:28.238 OurGame - plate released into pool
[INFO ] 2018-12-23 17:54:29.447 OurGame - plates are added to screen
[INFO ] 2018-12-23 17:54:29.742 OurGame - intersection of right stack with a plate happened
[INFO ] 2018-12-23 17:54:29.886 OurGame - plate released into pool
[INFO ] 2018-12-23 17:54:29.947 OurGame - plate released into pool
[INFO ] 2018-12-23 17:54:29.965 OurGame - plate released into pool
[INFO ] 2018-12-23 17:54:30.000 OurGame - plate released into pool
[INFO ] 2018-12-23 17:54:31.324 OurGame - plates are added to screen
[INFO ] 2018-12-23 17:54:31.357 OurGame - intersection of right stack with a plate happened
[INFO ] 2018-12-23 17:54:31.867 OurGame - plate released into pool
[INFO ] 2018-12-23 17:54:31.940 OurGame - plate released into pool
[INFO ] 2018-12-23 17:54:31.999 OurGame - plate released into pool
[INFO ] 2018-12-23 17:54:32.038 OurGame - plate released into pool
[INFO ] 2018-12-23 17:54:33.240 OurGame - plates are added to screen
[INFO ] 2018-12-23 17:54:33.310 OurGame - intersection of right stack with a plate happened
[INFO ] 2018-12-23 17:54:33.703 OurGame - plate released into pool
[INFO ] 2018-12-23 17:54:33.719 OurGame - plate released into pool
[INFO ] 2018-12-23 17:54:33.745 OurGame - plate released into pool
[INFO ] 2018-12-23 17:54:33.874 OurGame - plate released into pool
[INFO ] 2018-12-23 17:54:35.171 OurGame - plates are added to screen
[INFO ] 2018-12-23 17:54:35.181 OurGame - intersection of left stack with a plate happened
[INFO ] 2018-12-23 17:54:35.539 OurGame - plate released into pool
[INFO ] 2018-12-23 17:54:35.613 OurGame - plate released into pool
[INFO ] 2018-12-23 17:54:35.740 OurGame - plate released into pool
[INFO ] 2018-12-23 17:54:35.757 OurGame - plate released into pool
[INFO ] 2018-12-23 17:54:36.735 OurGame - intersection of right stack with a plate happened
[INFO ] 2018-12-23 17:54:36.735 CharacterStack - plate released into pool
[INFO ] 2018-12-23 17:54:36.735 CharacterStack - plate released into pool
[INFO ] 2018-12-23 17:54:36.735 CharacterStack - plate released into pool
[INFO ] 2018-12-23 17:54:36.928 OurGame - intersection of right stack with a plate happened
[INFO ] 2018-12-23 17:54:36.944 OurGame - plates are added to screen
[INFO ] 2018-12-23 17:54:37.496 OurGame - plate released into pool
[INFO ] 2018-12-23 17:54:37.528 OurGame - plate released into pool
[INFO ] 2018-12-23 17:54:37.545 OurGame - plate released into pool
[INFO ] 2018-12-23 17:54:38.780 OurGame - plates are added to screen
[INFO ] 2018-12-23 17:54:38.849 OurGame - intersection of right stack with a plate happened
[INFO ] 2018-12-23 17:54:38.849 CharacterStack - plate released into pool
[INFO ] 2018-12-23 17:54:38.849 CharacterStack - plate released into pool
[INFO ] 2018-12-23 17:54:38.849 CharacterStack - plate released into pool
[INFO ] 2018-12-23 17:54:39.234 OurGame - plate released into pool
[INFO ] 2018-12-23 17:54:39.267 OurGame - plate released into pool
[INFO ] 2018-12-23 17:54:39.299 OurGame - plate released into pool
[INFO ] 2018-12-23 17:54:39.371 OurGame - plate released into pool
[INFO ] 2018-12-23 17:54:40.729 OurGame - plates are added to screen
[INFO ] 2018-12-23 17:54:41.047 OurGame - plate released into pool
[INFO ] 2018-12-23 17:54:41.227 OurGame - plate released into pool
[INFO ] 2018-12-23 17:54:41.242 OurGame - plate released into pool
[INFO ] 2018-12-23 17:54:41.254 OurGame - plate released into pool
[INFO ] 2018-12-23 17:54:41.317 OurGame - plate released into pool
[INFO ] 2018-12-23 17:54:42.544 OurGame - plates are added to screen
[INFO ] 2018-12-23 17:54:42.569 OurGame - intersection of right stack with a plate happened
[INFO ] 2018-12-23 17:54:42.620 OurGame - intersection of right stack with a plate happened
[INFO ] 2018-12-23 17:54:43.017 OurGame - plate released into pool
[INFO ] 2018-12-23 17:54:43.147 OurGame - plate released into pool
[INFO ] 2018-12-23 17:54:43.155 OurGame - plate released into pool
[INFO ] 2018-12-23 17:54:44.306 OurGame - plates are added to screen
[INFO ] 2018-12-23 17:54:44.356 OurGame - intersection of right stack with a plate happened
[INFO ] 2018-12-23 17:54:44.356 CharacterStack - plate released into pool
[INFO ] 2018-12-23 17:54:44.356 CharacterStack - plate released into pool
[INFO ] 2018-12-23 17:54:44.357 CharacterStack - plate released into pool
[INFO ] 2018-12-23 17:54:44.580 OurGame - intersection of right stack with a plate happened
[INFO ] 2018-12-23 17:54:44.889 OurGame - plate released into pool
[INFO ] 2018-12-23 17:54:44.911 OurGame - plate released into pool
[INFO ] 2018-12-23 17:54:44.941 OurGame - plate released into pool
[INFO ] 2018-12-23 17:54:46.325 OurGame - plates are added to screen
[INFO ] 2018-12-23 17:54:46.726 OurGame - plate released into pool
[INFO ] 2018-12-23 17:54:46.758 OurGame - plate released into pool
[INFO ] 2018-12-23 17:54:46.758 OurGame - plate released into pool
[INFO ] 2018-12-23 17:54:46.783 OurGame - plate released into pool
[INFO ] 2018-12-23 17:54:46.985 OurGame - plate released into pool
[INFO ] 2018-12-23 17:54:48.155 OurGame - intersection of left stack with a plate happened
[INFO ] 2018-12-23 17:54:48.254 OurGame - plates are added to screen
[INFO ] 2018-12-23 17:54:48.551 OurGame - plate released into pool
[INFO ] 2018-12-23 17:54:48.577 OurGame - plate released into pool
[INFO ] 2018-12-23 17:54:48.652 OurGame - plate released into pool
[INFO ] 2018-12-23 17:54:48.687 OurGame - plate released into pool
[INFO ] 2018-12-23 17:54:50.156 OurGame - plates are added to screen
[INFO ] 2018-12-23 17:54:50.374 OurGame - plate released into pool
[INFO ] 2018-12-23 17:54:50.457 OurGame - plate released into pool
[INFO ] 2018-12-23 17:54:50.468 OurGame - plate released into pool
[INFO ] 2018-12-23 17:54:50.500 OurGame - plate released into pool
[INFO ] 2018-12-23 17:54:50.575 OurGame - plate released into pool
[INFO ] 2018-12-23 17:54:51.824 OurGame - intersection of right stack with a plate happened
[INFO ] 2018-12-23 17:54:52.139 OurGame - plates are added to screen
[INFO ] 2018-12-23 17:54:52.313 OurGame - plate released into pool
[INFO ] 2018-12-23 17:54:52.363 OurGame - plate released into pool
[INFO ] 2018-12-23 17:54:52.532 OurGame - plate released into pool
[INFO ] 2018-12-23 17:54:52.563 OurGame - plate released into pool
[INFO ] 2018-12-23 17:54:53.759 OurGame - intersection of left stack with a plate happened
[INFO ] 2018-12-23 17:54:53.945 OurGame - intersection of right stack with a plate happened
[INFO ] 2018-12-23 17:54:54.056 OurGame - plates are added to screen
[INFO ] 2018-12-23 17:54:54.312 OurGame - plate released into pool
[INFO ] 2018-12-23 17:54:54.363 OurGame - plate released into pool
[INFO ] 2018-12-23 17:54:54.403 OurGame - plate released into pool
[INFO ] 2018-12-23 17:54:55.909 OurGame - plates are added to screen
[INFO ] 2018-12-23 17:54:56.201 OurGame - plate released into pool
[INFO ] 2018-12-23 17:54:56.210 OurGame - plate released into pool
[INFO ] 2018-12-23 17:54:56.316 OurGame - plate released into pool
[INFO ] 2018-12-23 17:54:56.339 OurGame - plate released into pool
[INFO ] 2018-12-23 17:54:56.380 OurGame - plate released into pool
[INFO ] 2018-12-23 17:54:57.531 OurGame - intersection of right stack with a plate happened
[INFO ] 2018-12-23 17:54:57.531 CharacterStack - plate released into pool
[INFO ] 2018-12-23 17:54:57.532 CharacterStack - plate released into pool
[INFO ] 2018-12-23 17:54:57.532 CharacterStack - plate released into pool
[INFO ] 2018-12-23 17:54:57.828 OurGame - plates are added to screen
[INFO ] 2018-12-23 17:54:58.068 OurGame - plate released into pool
[INFO ] 2018-12-23 17:54:58.118 OurGame - plate released into pool
[INFO ] 2018-12-23 17:54:58.241 OurGame - plate released into pool
[INFO ] 2018-12-23 17:54:58.249 OurGame - plate released into pool
[INFO ] 2018-12-23 17:54:59.661 OurGame - intersection of right stack with a plate happened
[INFO ] 2018-12-23 17:54:59.749 OurGame - plates are added to screen
[INFO ] 2018-12-23 17:54:59.949 OurGame - plate released into pool
[INFO ] 2018-12-23 17:54:59.980 OurGame - plate released into pool
[INFO ] 2018-12-23 17:54:59.980 OurGame - plate released into pool
[INFO ] 2018-12-23 17:55:00.119 OurGame - plate released into pool
[INFO ] 2018-12-23 17:55:01.711 OurGame - plates are added to screen
[INFO ] 2018-12-23 17:55:01.995 OurGame - plate released into pool
[INFO ] 2018-12-23 17:55:02.003 OurGame - plate released into pool
[INFO ] 2018-12-23 17:55:02.070 OurGame - plate released into pool
[INFO ] 2018-12-23 17:55:02.094 OurGame - plate released into pool
[INFO ] 2018-12-23 17:55:02.167 OurGame - plate released into pool
[INFO ] 2018-12-23 17:55:03.415 OurGame - intersection of right stack with a plate happened
[INFO ] 2018-12-23 17:55:03.422 OurGame - intersection of right stack with a plate happened
[INFO ] 2018-12-23 17:55:03.430 OurGame - intersection of right stack with a plate happened
[INFO ] 2018-12-23 17:55:03.601 OurGame - intersection with good object happened
[INFO ] 2018-12-23 17:55:03.601 OurGame - plate released into pool
[INFO ] 2018-12-23 17:55:03.711 OurGame - plates are added to screen
[INFO ] 2018-12-23 17:55:04.205 OurGame - plate released into pool
[INFO ] 2018-12-23 17:55:05.312 OurGame - intersection of right stack with a plate happened
[INFO ] 2018-12-23 17:55:05.313 CharacterStack - plate released into pool
[INFO ] 2018-12-23 17:55:05.313 CharacterStack - plate released into pool
[INFO ] 2018-12-23 17:55:05.313 CharacterStack - plate released into pool
[INFO ] 2018-12-23 17:55:05.367 OurGame - intersection of left stack with a plate happened
[INFO ] 2018-12-23 17:55:05.657 OurGame - plates are added to screen
[INFO ] 2018-12-23 17:55:05.999 OurGame - plate released into pool
[INFO ] 2018-12-23 17:55:06.091 OurGame - plate released into pool
[INFO ] 2018-12-23 17:55:06.146 OurGame - plate released into pool
[INFO ] 2018-12-23 17:55:07.251 OurGame - intersection of left stack with a plate happened
[INFO ] 2018-12-23 17:55:07.301 OurGame - intersection of right stack with a plate happened
[INFO ] 2018-12-23 17:55:07.585 OurGame - plates are added to screen
[INFO ] 2018-12-23 17:55:07.945 OurGame - plate released into pool
[INFO ] 2018-12-23 17:55:08.127 OurGame - plate released into pool
[INFO ] 2018-12-23 17:55:08.136 OurGame - plate released into pool
[INFO ] 2018-12-23 17:55:09.150 OurGame - intersection of right stack with a plate happened
[INFO ] 2018-12-23 17:55:09.166 OurGame - intersection of right stack with a plate happened
[INFO ] 2018-12-23 17:55:09.178 OurGame - intersection of left stack with a plate happened
[INFO ] 2018-12-23 17:55:09.470 OurGame - plates are added to screen
[INFO ] 2018-12-23 17:55:09.976 OurGame - plate released into pool
[INFO ] 2018-12-23 17:55:10.047 OurGame - plate released into pool
[INFO ] 2018-12-23 17:55:10.881 OurGame - intersection of left stack with a plate happened
[INFO ] 2018-12-23 17:55:11.405 OurGame - plates are added to screen
[INFO ] 2018-12-23 17:55:11.742 OurGame - plate released into pool
[INFO ] 2018-12-23 17:55:11.759 OurGame - plate released into pool
[INFO ] 2018-12-23 17:55:11.827 OurGame - plate released into pool
[INFO ] 2018-12-23 17:55:11.894 OurGame - plate released into pool
[INFO ] 2018-12-23 17:55:12.685 OurGame - intersection of left stack with a plate happened
[INFO ] 2018-12-23 17:55:12.842 OurGame - intersection of left stack with a plate happened
[INFO ] 2018-12-23 17:55:13.431 OurGame - plates are added to screen
[INFO ] 2018-12-23 17:55:13.704 OurGame - plate released into pool
[INFO ] 2018-12-23 17:55:13.816 OurGame - plate released into pool
[INFO ] 2018-12-23 17:55:13.866 OurGame - plate released into pool
[INFO ] 2018-12-23 17:55:14.581 OurGame - intersection of left stack with a plate happened
[INFO ] 2018-12-23 17:55:14.581 CharacterStack - plate released into pool
[INFO ] 2018-12-23 17:55:14.581 CharacterStack - plate released into pool
[INFO ] 2018-12-23 17:55:14.582 CharacterStack - plate released into pool
[INFO ] 2018-12-23 17:55:15.202 OurGame - plates are added to screen
[INFO ] 2018-12-23 17:55:15.530 OurGame - plate released into pool
[INFO ] 2018-12-23 17:55:15.530 OurGame - plate released into pool
[INFO ] 2018-12-23 17:55:15.726 OurGame - plate released into pool
[INFO ] 2018-12-23 17:55:15.735 OurGame - plate released into pool
[INFO ] 2018-12-23 17:55:17.007 OurGame - plates are added to screen
[INFO ] 2018-12-23 17:55:17.346 OurGame - plate released into pool
[INFO ] 2018-12-23 17:55:17.354 OurGame - plate released into pool
[INFO ] 2018-12-23 17:55:17.387 OurGame - plate released into pool
[INFO ] 2018-12-23 17:55:17.500 OurGame - plate released into pool
[INFO ] 2018-12-23 17:55:17.565 OurGame - plate released into pool
[INFO ] 2018-12-23 17:55:18.805 OurGame - plates are added to screen
[INFO ] 2018-12-23 17:55:19.274 OurGame - plate released into pool
[INFO ] 2018-12-23 17:55:19.331 OurGame - plate released into pool
[INFO ] 2018-12-23 17:55:19.363 OurGame - plate released into pool
[INFO ] 2018-12-23 17:55:19.372 OurGame - plate released into pool
[INFO ] 2018-12-23 17:55:19.462 OurGame - plate released into pool
[INFO ] 2018-12-23 17:55:20.376 OurGame - intersection of right stack with a plate happened
[INFO ] 2018-12-23 17:55:20.628 OurGame - plates are added to screen
[INFO ] 2018-12-23 17:55:20.994 OurGame - plate released into pool
[INFO ] 2018-12-23 17:55:21.009 OurGame - plate released into pool
[INFO ] 2018-12-23 17:55:21.050 OurGame - plate released into pool
[INFO ] 2018-12-23 17:55:21.206 OurGame - plate released into pool
[INFO ] 2018-12-23 17:55:21.578 OurGame - intersection with good object happened
[INFO ] 2018-12-23 17:55:21.578 OurGame - plate released into pool
[INFO ] 2018-12-23 17:55:22.362 OurGame - plates are added to screen
[INFO ] 2018-12-23 17:55:22.645 OurGame - plate released into pool
[INFO ] 2018-12-23 17:55:22.727 OurGame - plate released into pool
[INFO ] 2018-12-23 17:55:22.841 OurGame - plate released into pool
[INFO ] 2018-12-23 17:55:22.858 OurGame - plate released into pool
[INFO ] 2018-12-23 17:55:23.833 OurGame - intersection of right stack with a plate happened
[INFO ] 2018-12-23 17:55:23.864 OurGame - intersection of left stack with a plate happened
[INFO ] 2018-12-23 17:55:24.463 OurGame - plates are added to screen
[INFO ] 2018-12-23 17:55:24.914 OurGame - plate released into pool
[INFO ] 2018-12-23 17:55:24.952 OurGame - plate released into pool
[INFO ] 2018-12-23 17:55:25.051 OurGame - plate released into pool
[INFO ] 2018-12-23 17:55:25.698 OurGame - intersection with good object happened
[INFO ] 2018-12-23 17:55:25.698 OurGame - plate released into pool
[INFO ] 2018-12-23 17:55:25.784 OurGame - intersection of left stack with a plate happened
[INFO ] 2018-12-23 17:55:25.784 CharacterStack - plate released into pool
[INFO ] 2018-12-23 17:55:25.785 CharacterStack - plate released into pool
[INFO ] 2018-12-23 17:55:25.785 CharacterStack - plate released into pool
[INFO ] 2018-12-23 17:55:25.935 OurGame - intersection of left stack with a plate happened
[INFO ] 2018-12-23 17:55:26.300 OurGame - plates are added to screen
[INFO ] 2018-12-23 17:55:26.661 OurGame - plate released into pool
[INFO ] 2018-12-23 17:55:26.886 OurGame - plate released into pool
[INFO ] 2018-12-23 17:55:27.645 OurGame - intersection of left stack with a plate happened
[INFO ] 2018-12-23 17:55:28.125 OurGame - plates are added to screen
[INFO ] 2018-12-23 17:55:28.592 OurGame - plate released into pool
[INFO ] 2018-12-23 17:55:28.627 OurGame - plate released into pool
[INFO ] 2018-12-23 17:55:28.673 OurGame - plate released into pool
[INFO ] 2018-12-23 17:55:28.789 OurGame - plate released into pool
[INFO ] 2018-12-23 17:55:29.385 OurGame - intersection with good object happened
[INFO ] 2018-12-23 17:55:29.385 OurGame - plate released into pool
[INFO ] 2018-12-23 17:55:29.494 OurGame - intersection of right stack with a plate happened
[INFO ] 2018-12-23 17:55:29.550 OurGame - intersection of right stack with a plate happened
[INFO ] 2018-12-23 17:55:29.918 OurGame - plates are added to screen
[INFO ] 2018-12-23 17:55:30.399 OurGame - plate released into pool
[INFO ] 2018-12-23 17:55:30.528 OurGame - plate released into pool
[INFO ] 2018-12-23 17:55:31.113 OurGame - intersection of right stack with a plate happened
[INFO ] 2018-12-23 17:55:31.113 CharacterStack - plate released into pool
[INFO ] 2018-12-23 17:55:31.113 CharacterStack - plate released into pool
[INFO ] 2018-12-23 17:55:31.113 CharacterStack - plate released into pool
[INFO ] 2018-12-23 17:55:31.657 OurGame - plates are added to screen
[INFO ] 2018-12-23 17:55:32.099 OurGame - plate released into pool
[INFO ] 2018-12-23 17:55:32.250 OurGame - plate released into pool
[INFO ] 2018-12-23 17:55:32.321 OurGame - plate released into pool
[INFO ] 2018-12-23 17:55:32.338 OurGame - plate released into pool
[INFO ] 2018-12-23 17:55:33.347 OurGame - plates are added to screen
[INFO ] 2018-12-23 17:55:33.731 OurGame - plate released into pool
[INFO ] 2018-12-23 17:55:33.858 OurGame - plate released into pool
[INFO ] 2018-12-23 17:55:33.867 OurGame - plate released into pool
[INFO ] 2018-12-23 17:55:33.921 OurGame - plate released into pool
[INFO ] 2018-12-23 17:55:33.961 OurGame - plate released into pool
[INFO ] 2018-12-23 17:55:34.803 OurGame - intersection of left stack with a plate happened
[INFO ] 2018-12-23 17:55:35.210 OurGame - plates are added to screen
[INFO ] 2018-12-23 17:55:35.717 OurGame - plate released into pool
[INFO ] 2018-12-23 17:55:35.838 OurGame - plate released into pool
[INFO ] 2018-12-23 17:55:35.881 OurGame - plate released into pool
[INFO ] 2018-12-23 17:55:35.926 OurGame - plate released into pool
[INFO ] 2018-12-23 17:55:36.941 OurGame - plates are added to screen
[INFO ] 2018-12-23 17:55:37.507 OurGame - plate released into pool
[INFO ] 2018-12-23 17:55:37.538 OurGame - plate released into pool
[INFO ] 2018-12-23 17:55:37.587 OurGame - plate released into pool
[INFO ] 2018-12-23 17:55:37.603 OurGame - plate released into pool
[INFO ] 2018-12-23 17:55:37.636 OurGame - plate released into pool
[INFO ] 2018-12-23 17:58:53.643 ModeFactory - christmass mode has been created with mediumdifficulty
[INFO ] 2018-12-23 17:58:56.299 OurGame - plates are added to screen
[INFO ] 2018-12-23 17:59:05.560 ModeFactory - christmass mode has been created with mediumdifficulty
[INFO ] 2018-12-23 17:59:08.212 OurGame - plates are added to screen
[INFO ] 2018-12-23 17:59:10.224 OurGame - intersection of right stack with a plate happened
[INFO ] 2018-12-23 17:59:10.294 OurGame - plates are added to screen
[INFO ] 2018-12-23 17:59:10.477 OurGame - plate released into pool
[INFO ] 2018-12-23 17:59:10.567 OurGame - plate released into pool
[INFO ] 2018-12-23 17:59:10.707 OurGame - plate released into pool
[INFO ] 2018-12-23 17:59:10.732 OurGame - plate released into pool
[INFO ] 2018-12-23 17:59:11.968 OurGame - intersection with good object happened
[INFO ] 2018-12-23 17:59:11.969 OurGame - plate released into pool
[INFO ] 2018-12-23 17:59:12.110 OurGame - plates are added to screen
[INFO ] 2018-12-23 17:59:12.482 OurGame - plate released into pool
[INFO ] 2018-12-23 17:59:12.624 OurGame - plate released into pool
[INFO ] 2018-12-23 17:59:12.640 OurGame - plate released into pool
[INFO ] 2018-12-23 17:59:12.648 OurGame - plate released into pool
[INFO ] 2018-12-23 17:59:14.032 OurGame - plates are added to screen
[INFO ] 2018-12-23 17:59:14.140 OurGame - intersection of left stack with a plate happened
[INFO ] 2018-12-23 17:59:14.438 OurGame - plate released into pool
[INFO ] 2018-12-23 17:59:14.463 OurGame - plate released into pool
[INFO ] 2018-12-23 17:59:14.480 OurGame - plate released into pool
[INFO ] 2018-12-23 17:59:14.565 OurGame - plate released into pool
[INFO ] 2018-12-23 17:59:15.911 OurGame - plates are added to screen
[INFO ] 2018-12-23 17:59:16.201 OurGame - plate released into pool
[INFO ] 2018-12-23 17:59:16.210 OurGame - plate released into pool
[INFO ] 2018-12-23 17:59:16.320 OurGame - plate released into pool
[INFO ] 2018-12-23 17:59:16.378 OurGame - plate released into pool
[INFO ] 2018-12-23 17:59:16.386 OurGame - plate released into pool
[INFO ] 2018-12-23 17:59:17.766 OurGame - intersection of right stack with a plate happened
[INFO ] 2018-12-23 17:59:17.844 OurGame - plates are added to screen
[INFO ] 2018-12-23 17:59:17.876 OurGame - intersection of right stack with a plate happened
[INFO ] 2018-12-23 17:59:17.876 CharacterStack - plate released into pool
[INFO ] 2018-12-23 17:59:17.877 CharacterStack - plate released into pool
[INFO ] 2018-12-23 17:59:17.877 CharacterStack - plate released into pool
[INFO ] 2018-12-23 17:59:18.087 OurGame - plate released into pool
[INFO ] 2018-12-23 17:59:18.136 OurGame - plate released into pool
[INFO ] 2018-12-23 17:59:18.250 OurGame - plate released into pool
[INFO ] 2018-12-23 17:59:19.634 OurGame - plates are added to screen
[INFO ] 2018-12-23 17:59:19.766 OurGame - intersection of right stack with a plate happened
[INFO ] 2018-12-23 17:59:20.104 OurGame - plate released into pool
[INFO ] 2018-12-23 17:59:20.113 OurGame - plate released into pool
[INFO ] 2018-12-23 17:59:20.129 OurGame - plate released into pool
[INFO ] 2018-12-23 17:59:20.137 OurGame - plate released into pool
[INFO ] 2018-12-23 17:59:21.493 OurGame - intersection of right stack with a plate happened
[INFO ] 2018-12-23 17:59:21.519 OurGame - plates are added to screen
[INFO ] 2018-12-23 17:59:21.552 OurGame - intersection of left stack with a plate happened
[INFO ] 2018-12-23 17:59:21.874 OurGame - plate released into pool
[INFO ] 2018-12-23 17:59:21.947 OurGame - plate released into pool
[INFO ] 2018-12-23 17:59:21.998 OurGame - plate released into pool
[INFO ] 2018-12-23 17:59:23.244 OurGame - intersection of left stack with a plate happened
[INFO ] 2018-12-23 17:59:23.244 CharacterStack - plate released into pool
[INFO ] 2018-12-23 17:59:23.244 CharacterStack - plate released into pool
[INFO ] 2018-12-23 17:59:23.244 CharacterStack - plate released into pool
[INFO ] 2018-12-23 17:59:23.312 OurGame - plates are added to screen
[INFO ] 2018-12-23 17:59:23.639 OurGame - plate released into pool
[INFO ] 2018-12-23 17:59:23.648 OurGame - plate released into pool
[INFO ] 2018-12-23 17:59:23.786 OurGame - plate released into pool
[INFO ] 2018-12-23 17:59:23.861 OurGame - plate released into pool
[INFO ] 2018-12-23 18:04:30.613 ModeFactory - christmass mode has been created with mediumdifficulty
[INFO ] 2018-12-23 18:04:33.224 OurGame - plates are added to screen
[INFO ] 2018-12-23 18:04:34.296 SnapShot - mashy ya donya's game has been saved
[INFO ] 2018-12-23 18:04:35.292 OurGame - intersection of right stack with a plate happened
[INFO ] 2018-12-23 18:04:35.372 OurGame - plates are added to screen
[INFO ] 2018-12-23 18:04:35.595 OurGame - plate released into pool
[INFO ] 2018-12-23 18:04:35.628 OurGame - plate released into pool
[INFO ] 2018-12-23 18:04:35.670 OurGame - plate released into pool
[INFO ] 2018-12-23 18:04:35.773 OurGame - plate released into pool
[INFO ] 2018-12-23 18:05:17.613 ModeFactory - christmass mode has been created with mediumdifficulty
[INFO ] 2018-12-23 18:05:20.259 OurGame - plates are added to screen
[INFO ] 2018-12-23 18:05:22.111 OurGame - intersection of left stack with a plate happened
[INFO ] 2018-12-23 18:05:22.166 OurGame - plates are added to screen
[INFO ] 2018-12-23 18:05:22.184 OurGame - intersection of right stack with a plate happened
[INFO ] 2018-12-23 18:05:22.410 OurGame - plate released into pool
[INFO ] 2018-12-23 18:05:22.475 OurGame - plate released into pool
[INFO ] 2018-12-23 18:05:22.573 OurGame - plate released into pool
[INFO ] 2018-12-23 18:05:24.085 OurGame - intersection of right stack with a plate happened
[INFO ] 2018-12-23 18:05:24.102 OurGame - plates are added to screen
[INFO ] 2018-12-23 18:05:24.338 OurGame - plate released into pool
[INFO ] 2018-12-23 18:05:24.354 OurGame - plate released into pool
[INFO ] 2018-12-23 18:05:24.474 OurGame - plate released into pool
[INFO ] 2018-12-23 18:05:24.527 OurGame - plate released into pool
[INFO ] 2018-12-23 18:05:25.486 SnapShot - mashy ya donya's game has been saved
[INFO ] 2018-12-23 18:05:25.967 OurGame - intersection of right stack with a plate happened
[INFO ] 2018-12-23 18:05:25.991 OurGame - intersection of left stack with a plate happened
[INFO ] 2018-12-23 18:05:26.137 OurGame - plates are added to screen
[INFO ] 2018-12-23 18:05:26.450 OurGame - plate released into pool
[INFO ] 2018-12-23 18:05:26.467 OurGame - plate released into pool
[INFO ] 2018-12-23 18:05:26.546 OurGame - plate released into pool
[INFO ] 2018-12-23 18:05:43.758 ModeFactory - christmass mode has been created with mediumdifficulty
[INFO ] 2018-12-23 18:05:45.978 SnapShot - mashy ya donya's game has been saved
[INFO ] 2018-12-23 18:05:46.696 OurGame - plates are added to screen
[INFO ] 2018-12-23 18:06:00.255 ModeFactory - christmass mode has been created with mediumdifficulty
[INFO ] 2018-12-23 18:06:02.829 OurGame - plates are added to screen
[INFO ] 2018-12-23 18:06:04.907 OurGame - plates are added to screen
[INFO ] 2018-12-23 18:06:05.242 OurGame - plate released into pool
[INFO ] 2018-12-23 18:06:05.243 OurGame - plate released into pool
[INFO ] 2018-12-23 18:06:05.255 OurGame - plate released into pool
[INFO ] 2018-12-23 18:06:05.384 OurGame - plate released into pool
[INFO ] 2018-12-23 18:06:05.402 OurGame - plate released into pool
[INFO ] 2018-12-23 18:06:06.823 OurGame - plates are added to screen
[INFO ] 2018-12-23 18:06:06.933 OurGame - intersection of right stack with a plate happened
[INFO ] 2018-12-23 18:06:07.076 OurGame - plate released into pool
[INFO ] 2018-12-23 18:06:07.157 OurGame - plate released into pool
[INFO ] 2018-12-23 18:06:07.213 OurGame - plate released into pool
[INFO ] 2018-12-23 18:06:07.302 OurGame - plate released into pool
[INFO ] 2018-12-23 18:06:08.470 SnapShot - mashy ya donya's game has been saved
[INFO ] 2018-12-23 18:06:08.759 OurGame - plates are added to screen
[INFO ] 2018-12-23 18:06:08.836 OurGame - intersection of left stack with a plate happened
[INFO ] 2018-12-23 18:06:09.065 OurGame - plate released into pool
[INFO ] 2018-12-23 18:06:09.140 OurGame - plate released into pool
[INFO ] 2018-12-23 18:06:09.215 OurGame - plate released into pool
[INFO ] 2018-12-23 18:06:09.233 OurGame - plate released into pool
[INFO ] 2018-12-23 18:08:41.192 ModeFactory - christmass mode has been created with mediumdifficulty
[INFO ] 2018-12-23 18:08:43.911 OurGame - plates are added to screen
[INFO ] 2018-12-23 18:08:45.776 OurGame - intersection of right stack with a plate happened
[INFO ] 2018-12-23 18:08:45.807 OurGame - intersection of left stack with a plate happened
[INFO ] 2018-12-23 18:08:45.880 OurGame - intersection of left stack with a plate happened
[INFO ] 2018-12-23 18:08:45.891 OurGame - plates are added to screen
[INFO ] 2018-12-23 18:08:46.293 OurGame - plate released into pool
[INFO ] 2018-12-23 18:08:46.343 OurGame - plate released into pool
[INFO ] 2018-12-23 18:08:47.855 OurGame - plates are added to screen
[INFO ] 2018-12-23 18:08:48.101 OurGame - plate released into pool
[INFO ] 2018-12-23 18:08:48.133 OurGame - plate released into pool
[INFO ] 2018-12-23 18:08:48.212 OurGame - plate released into pool
[INFO ] 2018-12-23 18:08:48.252 OurGame - plate released into pool
[INFO ] 2018-12-23 18:08:48.297 OurGame - plate released into pool
[INFO ] 2018-12-23 18:08:49.784 OurGame - plates are added to screen
[INFO ] 2018-12-23 18:08:49.815 OurGame - intersection of right stack with a plate happened
[INFO ] 2018-12-23 18:08:50.033 OurGame - plate released into pool
[INFO ] 2018-12-23 18:08:50.083 OurGame - plate released into pool
[INFO ] 2018-12-23 18:08:50.125 OurGame - plate released into pool
[INFO ] 2018-12-23 18:08:50.142 OurGame - plate released into pool
[INFO ] 2018-12-23 18:08:51.539 OurGame - intersection of right stack with a plate happened
[INFO ] 2018-12-23 18:08:51.539 CharacterStack - plate released into pool
[INFO ] 2018-12-23 18:08:51.540 CharacterStack - plate released into pool
[INFO ] 2018-12-23 18:08:51.540 CharacterStack - plate released into pool
[INFO ] 2018-12-23 18:08:51.674 OurGame - intersection of left stack with a plate happened
[INFO ] 2018-12-23 18:08:51.710 OurGame - plates are added to screen
[INFO ] 2018-12-23 18:08:51.838 OurGame - intersection of right stack with a plate happened
[INFO ] 2018-12-23 18:08:51.936 OurGame - plate released into pool
[INFO ] 2018-12-23 18:08:52.133 OurGame - plate released into pool
[INFO ] 2018-12-23 18:08:52.667 SnapShot - bebo1545581332667's game has been saved
[INFO ] 2018-12-23 18:08:53.566 OurGame - intersection of left stack with a plate happened
[INFO ] 2018-12-23 18:08:53.567 CharacterStack - plate released into pool
[INFO ] 2018-12-23 18:08:53.567 CharacterStack - plate released into pool
[INFO ] 2018-12-23 18:08:53.568 CharacterStack - plate released into pool
[INFO ] 2018-12-23 18:08:53.955 OurGame - plates are added to screen
[INFO ] 2018-12-23 18:08:54.208 OurGame - plate released into pool
[INFO ] 2018-12-23 18:08:54.305 OurGame - plate released into pool
[INFO ] 2018-12-23 18:08:54.305 OurGame - plate released into pool
[INFO ] 2018-12-23 18:08:54.387 OurGame - plate released into pool
[INFO ] 2018-12-23 18:13:19.488 ModeFactory - christmass mode has been created with mediumdifficulty
[INFO ] 2018-12-23 18:13:22.120 OurGame - plates are added to screen
[INFO ] 2018-12-23 18:13:22.842 SnapShot - bebo06:13:22 PM's game has been saved
[INFO ] 2018-12-23 18:13:24.120 OurGame - intersection of left stack with a plate happened
[INFO ] 2018-12-23 18:13:24.157 OurGame - intersection of right stack with a plate happened
[INFO ] 2018-12-23 18:13:24.157 OurGame - plates are added to screen
[INFO ] 2018-12-23 18:13:24.403 OurGame - plate released into pool
[INFO ] 2018-12-23 18:13:24.513 OurGame - plate released into pool
[INFO ] 2018-12-23 18:13:24.610 OurGame - plate released into pool
[INFO ] 2018-12-23 18:13:49.070 ModeFactory - christmass mode has been created with mediumdifficulty
[INFO ] 2018-12-23 18:13:51.757 OurGame - plates are added to screen
[INFO ] 2018-12-23 18:13:53.666 OurGame - plates are added to screen
[INFO ] 2018-12-23 18:13:53.901 OurGame - plate released into pool
[INFO ] 2018-12-23 18:13:54.043 OurGame - plate released into pool
[INFO ] 2018-12-23 18:13:54.070 OurGame - plate released into pool
[INFO ] 2018-12-23 18:13:54.163 OurGame - plate released into pool
[INFO ] 2018-12-23 18:13:54.213 OurGame - plate released into pool
[INFO ] 2018-12-23 18:13:55.687 OurGame - plates are added to screen
[INFO ] 2018-12-23 18:13:55.857 OurGame - intersection of right stack with a plate happened
[INFO ] 2018-12-23 18:13:55.867 OurGame - intersection of right stack with a plate happened
[INFO ] 2018-12-23 18:13:56.006 OurGame - plate released into pool
[INFO ] 2018-12-23 18:13:56.062 OurGame - plate released into pool
[INFO ] 2018-12-23 18:13:56.225 OurGame - plate released into pool
[INFO ] 2018-12-23 18:13:57.765 OurGame - plates are added to screen
[INFO ] 2018-12-23 18:13:57.846 OurGame - intersection of left stack with a plate happened
[INFO ] 2018-12-23 18:13:58.060 OurGame - plate released into pool
[INFO ] 2018-12-23 18:13:58.115 OurGame - plate released into pool
[INFO ] 2018-12-23 18:13:58.134 OurGame - plate released into pool
[INFO ] 2018-12-23 18:13:58.218 OurGame - plate released into pool
[INFO ] 2018-12-23 18:13:59.386 SnapShot - bebo06:13:59 PM's game has been saved
[INFO ] 2018-12-23 18:13:59.739 OurGame - plates are added to screen
[INFO ] 2018-12-23 18:13:59.937 OurGame - plate released into pool
[INFO ] 2018-12-23 18:13:59.962 OurGame - plate released into pool
[INFO ] 2018-12-23 18:14:00.119 OurGame - plate released into pool
[INFO ] 2018-12-23 18:14:00.128 OurGame - plate released into pool
[INFO ] 2018-12-23 18:14:00.153 OurGame - plate released into pool
[INFO ] 2018-12-23 18:14:01.597 OurGame - intersection of left stack with a plate happened
[INFO ] 2018-12-23 18:14:01.677 OurGame - plates are added to screen
[INFO ] 2018-12-23 18:14:01.949 OurGame - plate released into pool
[INFO ] 2018-12-23 18:14:01.990 OurGame - plate released into pool
[INFO ] 2018-12-23 18:14:02.038 OurGame - plate released into pool
[INFO ] 2018-12-23 18:14:02.088 OurGame - plate released into pool
[INFO ] 2018-12-23 18:14:03.441 OurGame - intersection of right stack with a plate happened
[INFO ] 2018-12-23 18:14:03.441 CharacterStack - plate released into pool
[INFO ] 2018-12-23 18:14:03.442 CharacterStack - plate released into pool
[INFO ] 2018-12-23 18:14:03.442 CharacterStack - plate released into pool
[INFO ] 2018-12-23 18:14:03.540 OurGame - plates are added to screen
[INFO ] 2018-12-23 18:14:03.761 OurGame - plate released into pool
[INFO ] 2018-12-23 18:14:03.891 OurGame - plate released into pool
[INFO ] 2018-12-23 18:14:03.973 OurGame - plate released into pool
[INFO ] 2018-12-23 18:14:03.982 OurGame - plate released into pool
[INFO ] 2018-12-23 18:14:05.419 OurGame - plates are added to screen
[INFO ] 2018-12-23 18:14:05.614 OurGame - plate released into pool
[INFO ] 2018-12-23 18:14:05.639 OurGame - plate released into pool
[INFO ] 2018-12-23 18:14:05.726 OurGame - plate released into pool
[INFO ] 2018-12-23 18:14:05.816 OurGame - plate released into pool
[INFO ] 2018-12-23 18:14:05.824 OurGame - plate released into pool
[INFO ] 2018-12-23 18:14:48.226 ModeFactory - christmass mode has been created with mediumdifficulty
[INFO ] 2018-12-23 18:14:50.730 SnapShot - bebo06-14-50 PM's game has been saved
[INFO ] 2018-12-23 18:14:51.083 OurGame - plates are added to screen
